2021-02-08 15:10:03.949 [main] INFO  cn.SSMApplication -Starting SSMApplication on DESKTOP-KFJAMQ7 with PID 2416 (E:\FrameWork\SpingBoot\SpringBoot02\target\classes started by Zhen77 in E:\FrameWork\SpingBoot\SpringBoot02)
2021-02-08 15:10:03.955 [main] INFO  cn.SSMApplication -No active profile set, falling back to default profiles: default
2021-02-08 15:10:04.041 [main] INFO  o.s.b.w.s.c.AnnotationConfigServletWebServerApplicationContext -Refreshing org.springframework.boot.web.servlet.context.AnnotationConfigServletWebServerApplicationContext@f5958c9: startup date [Mon Feb 08 15:10:04 CST 2021]; root of context hierarchy
2021-02-08 15:10:06.330 [main] INFO  o.s.boot.web.embedded.tomcat.TomcatWebServer -Tomcat initialized with port(s): 8080 (http)
2021-02-08 15:10:06.348 [main] INFO  org.apache.coyote.http11.Http11NioProtocol -Initializing ProtocolHandler ["http-nio-8080"]
2021-02-08 15:10:06.360 [main] INFO  org.apache.catalina.core.StandardService -Starting service [Tomcat]
2021-02-08 15:10:06.360 [main] INFO  org.apache.catalina.core.StandardEngine -Starting Servlet Engine: Apache Tomcat/8.5.31
2021-02-08 15:10:06.364 [localhost-startStop-1] INFO  org.apache.catalina.core.AprLifecycleListener -Loaded APR based Apache Tomcat Native library [1.2.21] using APR version [1.6.5].
2021-02-08 15:10:06.364 [localhost-startStop-1] INFO  org.apache.catalina.core.AprLifecycleListener -APR capabilities: IPv6 [true], sendfile [true], accept filters [false], random [true].
2021-02-08 15:10:06.364 [localhost-startStop-1] INFO  org.apache.catalina.core.AprLifecycleListener -APR/OpenSSL configuration: useAprConnector [false], useOpenSSL [true]
2021-02-08 15:10:06.455 [localhost-startStop-1] INFO  org.apache.catalina.core.AprLifecycleListener -OpenSSL successfully initialized [OpenSSL 1.1.1a  20 Nov 2018]
2021-02-08 15:10:06.657 [localhost-startStop-1] INFO  o.a.c.core.ContainerBase.[Tomcat].[localhost].[/] -Initializing Spring embedded WebApplicationContext
2021-02-08 15:10:06.658 [localhost-startStop-1] INFO  org.springframework.web.context.ContextLoader -Root WebApplicationContext: initialization completed in 2617 ms
2021-02-08 15:10:06.864 [localhost-startStop-1] INFO  o.s.boot.web.servlet.ServletRegistrationBean -Servlet dispatcherServlet mapped to [/]
2021-02-08 15:10:06.870 [localhost-startStop-1] INFO  o.s.boot.web.servlet.ServletRegistrationBean -Servlet statViewServlet mapped to [/druid/*]
2021-02-08 15:10:06.874 [localhost-startStop-1] INFO  o.s.boot.web.servlet.FilterRegistrationBean -Mapping filter: 'characterEncodingFilter' to: [/*]
2021-02-08 15:10:06.875 [localhost-startStop-1] INFO  o.s.boot.web.servlet.FilterRegistrationBean -Mapping filter: 'hiddenHttpMethodFilter' to: [/*]
2021-02-08 15:10:06.875 [localhost-startStop-1] INFO  o.s.boot.web.servlet.FilterRegistrationBean -Mapping filter: 'httpPutFormContentFilter' to: [/*]
2021-02-08 15:10:06.875 [localhost-startStop-1] INFO  o.s.boot.web.servlet.FilterRegistrationBean -Mapping filter: 'requestContextFilter' to: [/*]
2021-02-08 15:10:06.875 [localhost-startStop-1] INFO  o.s.boot.web.servlet.FilterRegistrationBean -Mapping filter: 'webStatFilter' to urls: [/*]
2021-02-08 15:10:06.955 [main] INFO  c.a.d.s.b.a.DruidDataSourceAutoConfigure -Init DruidDataSource
2021-02-08 15:10:08.210 [main] INFO  com.alibaba.druid.pool.DruidDataSource -{dataSource-1} inited
2021-02-08 15:10:08.445 [main] INFO  o.s.web.servlet.handler.SimpleUrlHandlerMapping -Mapped URL path [/**/favicon.ico] onto handler of type [class org.springframework.web.servlet.resource.ResourceHttpRequestHandler]
2021-02-08 15:10:08.616 [main] INFO  o.s.w.s.m.m.a.RequestMappingHandlerAdapter -Looking for @ControllerAdvice: org.springframework.boot.web.servlet.context.AnnotationConfigServletWebServerApplicationContext@f5958c9: startup date [Mon Feb 08 15:10:04 CST 2021]; root of context hierarchy
2021-02-08 15:10:08.665 [main] INFO  o.s.w.s.m.m.a.RequestMappingHandlerMapping -Mapped "{[/getall]}" onto public org.springframework.web.servlet.ModelAndView cn.zhen77.controller.DeptController.getall()
2021-02-08 15:10:08.671 [main] INFO  o.s.w.s.m.m.a.RequestMappingHandlerMapping -Mapped "{[/error]}" onto public org.springframework.http.ResponseEntity<java.util.Map<java.lang.String, java.lang.Object>> org.springframework.boot.autoconfigure.web.servlet.error.BasicErrorController.error(javax.servlet.http.HttpServletRequest)
2021-02-08 15:10:08.672 [main] INFO  o.s.w.s.m.m.a.RequestMappingHandlerMapping -Mapped "{[/error],produces=[text/html]}" onto public org.springframework.web.servlet.ModelAndView org.springframework.boot.autoconfigure.web.servlet.error.BasicErrorController.errorHtml(javax.servlet.http.HttpServletRequest,javax.servlet.http.HttpServletResponse)
2021-02-08 15:10:08.693 [main] INFO  o.s.web.servlet.handler.SimpleUrlHandlerMapping -Mapped URL path [/webjars/**] onto handler of type [class org.springframework.web.servlet.resource.ResourceHttpRequestHandler]
2021-02-08 15:10:08.694 [main] INFO  o.s.web.servlet.handler.SimpleUrlHandlerMapping -Mapped URL path [/**] onto handler of type [class org.springframework.web.servlet.resource.ResourceHttpRequestHandler]
2021-02-08 15:10:08.958 [main] INFO  o.s.jmx.export.annotation.AnnotationMBeanExporter -Registering beans for JMX exposure on startup
2021-02-08 15:10:08.960 [main] INFO  o.s.jmx.export.annotation.AnnotationMBeanExporter -Bean with name 'statFilter' has been autodetected for JMX exposure
2021-02-08 15:10:08.960 [main] INFO  o.s.jmx.export.annotation.AnnotationMBeanExporter -Bean with name 'dataSource' has been autodetected for JMX exposure
2021-02-08 15:10:08.965 [main] INFO  o.s.jmx.export.annotation.AnnotationMBeanExporter -Located MBean 'dataSource': registering with JMX server as MBean [com.alibaba.druid.spring.boot.autoconfigure:name=dataSource,type=DruidDataSourceWrapper]
2021-02-08 15:10:08.967 [main] INFO  o.s.jmx.export.annotation.AnnotationMBeanExporter -Located MBean 'statFilter': registering with JMX server as MBean [com.alibaba.druid.filter.stat:name=statFilter,type=StatFilter]
2021-02-08 15:10:08.977 [main] INFO  org.apache.coyote.http11.Http11NioProtocol -Starting ProtocolHandler ["http-nio-8080"]
2021-02-08 15:10:08.989 [main] INFO  org.apache.tomcat.util.net.NioSelectorPool -Using a shared selector for servlet write/read
2021-02-08 15:10:09.006 [main] INFO  o.s.boot.web.embedded.tomcat.TomcatWebServer -Tomcat started on port(s): 8080 (http) with context path ''
2021-02-08 15:10:09.010 [main] INFO  cn.SSMApplication -Started SSMApplication in 5.8 seconds (JVM running for 8.146)
2021-02-08 15:10:24.491 [http-nio-8080-exec-2] INFO  o.a.c.core.ContainerBase.[Tomcat].[localhost].[/] -Initializing Spring FrameworkServlet 'dispatcherServlet'
2021-02-08 15:10:24.492 [http-nio-8080-exec-2] INFO  org.springframework.web.servlet.DispatcherServlet -FrameworkServlet 'dispatcherServlet': initialization started
2021-02-08 15:10:24.529 [http-nio-8080-exec-2] INFO  org.springframework.web.servlet.DispatcherServlet -FrameworkServlet 'dispatcherServlet': initialization completed in 37 ms
2021-02-08 15:10:24.585 [http-nio-8080-exec-2] DEBUG cn.zhen77.mapper.DeptMapper.selectAll -==>  Preparing: select * from dept 
2021-02-08 15:10:24.611 [http-nio-8080-exec-2] DEBUG cn.zhen77.mapper.DeptMapper.selectAll -==> Parameters: 
2021-02-08 15:10:24.654 [http-nio-8080-exec-2] DEBUG cn.zhen77.mapper.DeptMapper.selectAll -<==      Total: 5
2021-02-08 15:47:08.486 [main] INFO  cn.SSMApplication -Starting SSMApplication on DESKTOP-KFJAMQ7 with PID 6092 (E:\FrameWork\SpingBoot\SpringBoot02\target\classes started by Zhen77 in E:\FrameWork\SpingBoot\SpringBoot02)
2021-02-08 15:47:08.488 [main] INFO  cn.SSMApplication -No active profile set, falling back to default profiles: default
2021-02-08 15:47:08.536 [main] INFO  o.s.b.w.s.c.AnnotationConfigServletWebServerApplicationContext -Refreshing org.springframework.boot.web.servlet.context.AnnotationConfigServletWebServerApplicationContext@f5958c9: startup date [Mon Feb 08 15:47:08 CST 2021]; root of context hierarchy
2021-02-08 15:47:09.726 [main] INFO  o.s.boot.web.embedded.tomcat.TomcatWebServer -Tomcat initialized with port(s): 8080 (http)
2021-02-08 15:47:09.738 [main] INFO  org.apache.coyote.http11.Http11NioProtocol -Initializing ProtocolHandler ["http-nio-8080"]
2021-02-08 15:47:09.747 [main] INFO  org.apache.catalina.core.StandardService -Starting service [Tomcat]
2021-02-08 15:47:09.748 [main] INFO  org.apache.catalina.core.StandardEngine -Starting Servlet Engine: Apache Tomcat/8.5.31
2021-02-08 15:47:09.752 [localhost-startStop-1] INFO  org.apache.catalina.core.AprLifecycleListener -Loaded APR based Apache Tomcat Native library [1.2.21] using APR version [1.6.5].
2021-02-08 15:47:09.753 [localhost-startStop-1] INFO  org.apache.catalina.core.AprLifecycleListener -APR capabilities: IPv6 [true], sendfile [true], accept filters [false], random [true].
2021-02-08 15:47:09.753 [localhost-startStop-1] INFO  org.apache.catalina.core.AprLifecycleListener -APR/OpenSSL configuration: useAprConnector [false], useOpenSSL [true]
2021-02-08 15:47:09.758 [localhost-startStop-1] INFO  org.apache.catalina.core.AprLifecycleListener -OpenSSL successfully initialized [OpenSSL 1.1.1a  20 Nov 2018]
2021-02-08 15:47:09.907 [localhost-startStop-1] INFO  o.a.c.core.ContainerBase.[Tomcat].[localhost].[/] -Initializing Spring embedded WebApplicationContext
2021-02-08 15:47:09.907 [localhost-startStop-1] INFO  org.springframework.web.context.ContextLoader -Root WebApplicationContext: initialization completed in 1371 ms
2021-02-08 15:47:10.129 [localhost-startStop-1] INFO  o.s.boot.web.servlet.ServletRegistrationBean -Servlet dispatcherServlet mapped to [/]
2021-02-08 15:47:10.130 [localhost-startStop-1] INFO  o.s.boot.web.servlet.ServletRegistrationBean -Servlet statViewServlet mapped to [/druid/*]
2021-02-08 15:47:10.133 [localhost-startStop-1] INFO  o.s.boot.web.servlet.FilterRegistrationBean -Mapping filter: 'characterEncodingFilter' to: [/*]
2021-02-08 15:47:10.133 [localhost-startStop-1] INFO  o.s.boot.web.servlet.FilterRegistrationBean -Mapping filter: 'hiddenHttpMethodFilter' to: [/*]
2021-02-08 15:47:10.134 [localhost-startStop-1] INFO  o.s.boot.web.servlet.FilterRegistrationBean -Mapping filter: 'httpPutFormContentFilter' to: [/*]
2021-02-08 15:47:10.134 [localhost-startStop-1] INFO  o.s.boot.web.servlet.FilterRegistrationBean -Mapping filter: 'requestContextFilter' to: [/*]
2021-02-08 15:47:10.134 [localhost-startStop-1] INFO  o.s.boot.web.servlet.FilterRegistrationBean -Mapping filter: 'webStatFilter' to urls: [/*]
2021-02-08 15:47:10.217 [main] INFO  c.a.d.s.b.a.DruidDataSourceAutoConfigure -Init DruidDataSource
2021-02-08 15:47:11.624 [main] INFO  com.alibaba.druid.pool.DruidDataSource -{dataSource-1} inited
2021-02-08 15:47:11.894 [main] INFO  o.s.web.servlet.handler.SimpleUrlHandlerMapping -Mapped URL path [/**/favicon.ico] onto handler of type [class org.springframework.web.servlet.resource.ResourceHttpRequestHandler]
2021-02-08 15:47:12.183 [main] INFO  o.s.w.s.m.m.a.RequestMappingHandlerAdapter -Looking for @ControllerAdvice: org.springframework.boot.web.servlet.context.AnnotationConfigServletWebServerApplicationContext@f5958c9: startup date [Mon Feb 08 15:47:08 CST 2021]; root of context hierarchy
2021-02-08 15:47:12.257 [main] INFO  o.s.w.s.m.m.a.RequestMappingHandlerMapping -Mapped "{[/getall]}" onto public org.springframework.web.servlet.ModelAndView cn.zhen77.controller.DeptController.getall(javax.servlet.http.HttpSession)
2021-02-08 15:47:12.262 [main] INFO  o.s.w.s.m.m.a.RequestMappingHandlerMapping -Mapped "{[/error]}" onto public org.springframework.http.ResponseEntity<java.util.Map<java.lang.String, java.lang.Object>> org.springframework.boot.autoconfigure.web.servlet.error.BasicErrorController.error(javax.servlet.http.HttpServletRequest)
2021-02-08 15:47:12.264 [main] INFO  o.s.w.s.m.m.a.RequestMappingHandlerMapping -Mapped "{[/error],produces=[text/html]}" onto public org.springframework.web.servlet.ModelAndView org.springframework.boot.autoconfigure.web.servlet.error.BasicErrorController.errorHtml(javax.servlet.http.HttpServletRequest,javax.servlet.http.HttpServletResponse)
2021-02-08 15:47:12.285 [main] INFO  o.s.web.servlet.handler.SimpleUrlHandlerMapping -Mapped URL path [/webjars/**] onto handler of type [class org.springframework.web.servlet.resource.ResourceHttpRequestHandler]
2021-02-08 15:47:12.286 [main] INFO  o.s.web.servlet.handler.SimpleUrlHandlerMapping -Mapped URL path [/**] onto handler of type [class org.springframework.web.servlet.resource.ResourceHttpRequestHandler]
2021-02-08 15:47:12.653 [main] INFO  o.s.jmx.export.annotation.AnnotationMBeanExporter -Registering beans for JMX exposure on startup
2021-02-08 15:47:12.655 [main] INFO  o.s.jmx.export.annotation.AnnotationMBeanExporter -Bean with name 'statFilter' has been autodetected for JMX exposure
2021-02-08 15:47:12.655 [main] INFO  o.s.jmx.export.annotation.AnnotationMBeanExporter -Bean with name 'dataSource' has been autodetected for JMX exposure
2021-02-08 15:47:12.661 [main] INFO  o.s.jmx.export.annotation.AnnotationMBeanExporter -Located MBean 'dataSource': registering with JMX server as MBean [com.alibaba.druid.spring.boot.autoconfigure:name=dataSource,type=DruidDataSourceWrapper]
2021-02-08 15:47:12.663 [main] INFO  o.s.jmx.export.annotation.AnnotationMBeanExporter -Located MBean 'statFilter': registering with JMX server as MBean [com.alibaba.druid.filter.stat:name=statFilter,type=StatFilter]
2021-02-08 15:47:12.673 [main] INFO  org.apache.coyote.http11.Http11NioProtocol -Starting ProtocolHandler ["http-nio-8080"]
2021-02-08 15:47:12.683 [main] INFO  org.apache.tomcat.util.net.NioSelectorPool -Using a shared selector for servlet write/read
2021-02-08 15:47:12.697 [main] INFO  o.s.boot.web.embedded.tomcat.TomcatWebServer -Tomcat started on port(s): 8080 (http) with context path ''
2021-02-08 15:47:12.704 [main] INFO  cn.SSMApplication -Started SSMApplication in 4.65 seconds (JVM running for 6.293)
2021-02-08 15:47:17.689 [http-nio-8080-exec-1] INFO  o.a.c.core.ContainerBase.[Tomcat].[localhost].[/] -Initializing Spring FrameworkServlet 'dispatcherServlet'
2021-02-08 15:47:17.689 [http-nio-8080-exec-1] INFO  org.springframework.web.servlet.DispatcherServlet -FrameworkServlet 'dispatcherServlet': initialization started
2021-02-08 15:47:17.723 [http-nio-8080-exec-1] INFO  org.springframework.web.servlet.DispatcherServlet -FrameworkServlet 'dispatcherServlet': initialization completed in 33 ms
2021-02-08 15:47:17.801 [http-nio-8080-exec-1] DEBUG cn.zhen77.mapper.DeptMapper.selectAll -==>  Preparing: select * from dept 
2021-02-08 15:47:17.843 [http-nio-8080-exec-1] DEBUG cn.zhen77.mapper.DeptMapper.selectAll -==> Parameters: 
2021-02-08 15:47:17.888 [http-nio-8080-exec-1] DEBUG cn.zhen77.mapper.DeptMapper.selectAll -<==      Total: 5
2021-02-08 15:48:01.530 [main] INFO  cn.SSMApplication -Starting SSMApplication on DESKTOP-KFJAMQ7 with PID 12236 (E:\FrameWork\SpingBoot\SpringBoot02\target\classes started by Zhen77 in E:\FrameWork\SpingBoot\SpringBoot02)
2021-02-08 15:48:01.533 [main] INFO  cn.SSMApplication -No active profile set, falling back to default profiles: default
2021-02-08 15:48:01.570 [main] INFO  o.s.b.w.s.c.AnnotationConfigServletWebServerApplicationContext -Refreshing org.springframework.boot.web.servlet.context.AnnotationConfigServletWebServerApplicationContext@f5958c9: startup date [Mon Feb 08 15:48:01 CST 2021]; root of context hierarchy
2021-02-08 15:48:02.644 [main] INFO  o.s.boot.web.embedded.tomcat.TomcatWebServer -Tomcat initialized with port(s): 8080 (http)
2021-02-08 15:48:02.656 [main] INFO  org.apache.coyote.http11.Http11NioProtocol -Initializing ProtocolHandler ["http-nio-8080"]
2021-02-08 15:48:02.664 [main] INFO  org.apache.catalina.core.StandardService -Starting service [Tomcat]
2021-02-08 15:48:02.664 [main] INFO  org.apache.catalina.core.StandardEngine -Starting Servlet Engine: Apache Tomcat/8.5.31
2021-02-08 15:48:02.669 [localhost-startStop-1] INFO  org.apache.catalina.core.AprLifecycleListener -Loaded APR based Apache Tomcat Native library [1.2.21] using APR version [1.6.5].
2021-02-08 15:48:02.670 [localhost-startStop-1] INFO  org.apache.catalina.core.AprLifecycleListener -APR capabilities: IPv6 [true], sendfile [true], accept filters [false], random [true].
2021-02-08 15:48:02.670 [localhost-startStop-1] INFO  org.apache.catalina.core.AprLifecycleListener -APR/OpenSSL configuration: useAprConnector [false], useOpenSSL [true]
2021-02-08 15:48:02.674 [localhost-startStop-1] INFO  org.apache.catalina.core.AprLifecycleListener -OpenSSL successfully initialized [OpenSSL 1.1.1a  20 Nov 2018]
2021-02-08 15:48:02.822 [localhost-startStop-1] INFO  o.a.c.core.ContainerBase.[Tomcat].[localhost].[/] -Initializing Spring embedded WebApplicationContext
2021-02-08 15:48:02.822 [localhost-startStop-1] INFO  org.springframework.web.context.ContextLoader -Root WebApplicationContext: initialization completed in 1253 ms
2021-02-08 15:48:03.050 [localhost-startStop-1] INFO  o.s.boot.web.servlet.ServletRegistrationBean -Servlet dispatcherServlet mapped to [/]
2021-02-08 15:48:03.051 [localhost-startStop-1] INFO  o.s.boot.web.servlet.ServletRegistrationBean -Servlet statViewServlet mapped to [/druid/*]
2021-02-08 15:48:03.054 [localhost-startStop-1] INFO  o.s.boot.web.servlet.FilterRegistrationBean -Mapping filter: 'characterEncodingFilter' to: [/*]
2021-02-08 15:48:03.054 [localhost-startStop-1] INFO  o.s.boot.web.servlet.FilterRegistrationBean -Mapping filter: 'hiddenHttpMethodFilter' to: [/*]
2021-02-08 15:48:03.054 [localhost-startStop-1] INFO  o.s.boot.web.servlet.FilterRegistrationBean -Mapping filter: 'httpPutFormContentFilter' to: [/*]
2021-02-08 15:48:03.054 [localhost-startStop-1] INFO  o.s.boot.web.servlet.FilterRegistrationBean -Mapping filter: 'requestContextFilter' to: [/*]
2021-02-08 15:48:03.055 [localhost-startStop-1] INFO  o.s.boot.web.servlet.FilterRegistrationBean -Mapping filter: 'webStatFilter' to urls: [/*]
2021-02-08 15:48:03.114 [main] INFO  c.a.d.s.b.a.DruidDataSourceAutoConfigure -Init DruidDataSource
2021-02-08 15:48:04.440 [main] INFO  com.alibaba.druid.pool.DruidDataSource -{dataSource-1} inited
2021-02-08 15:48:04.642 [main] INFO  o.s.web.servlet.handler.SimpleUrlHandlerMapping -Mapped URL path [/**/favicon.ico] onto handler of type [class org.springframework.web.servlet.resource.ResourceHttpRequestHandler]
2021-02-08 15:48:04.802 [main] INFO  o.s.w.s.m.m.a.RequestMappingHandlerAdapter -Looking for @ControllerAdvice: org.springframework.boot.web.servlet.context.AnnotationConfigServletWebServerApplicationContext@f5958c9: startup date [Mon Feb 08 15:48:01 CST 2021]; root of context hierarchy
2021-02-08 15:48:04.841 [main] INFO  o.s.w.s.m.m.a.RequestMappingHandlerMapping -Mapped "{[/getall]}" onto public org.springframework.web.servlet.ModelAndView cn.zhen77.controller.DeptController.getall(javax.servlet.http.HttpSession)
2021-02-08 15:48:04.845 [main] INFO  o.s.w.s.m.m.a.RequestMappingHandlerMapping -Mapped "{[/error]}" onto public org.springframework.http.ResponseEntity<java.util.Map<java.lang.String, java.lang.Object>> org.springframework.boot.autoconfigure.web.servlet.error.BasicErrorController.error(javax.servlet.http.HttpServletRequest)
2021-02-08 15:48:04.845 [main] INFO  o.s.w.s.m.m.a.RequestMappingHandlerMapping -Mapped "{[/error],produces=[text/html]}" onto public org.springframework.web.servlet.ModelAndView org.springframework.boot.autoconfigure.web.servlet.error.BasicErrorController.errorHtml(javax.servlet.http.HttpServletRequest,javax.servlet.http.HttpServletResponse)
2021-02-08 15:48:04.876 [main] INFO  o.s.web.servlet.handler.SimpleUrlHandlerMapping -Mapped URL path [/webjars/**] onto handler of type [class org.springframework.web.servlet.resource.ResourceHttpRequestHandler]
2021-02-08 15:48:04.877 [main] INFO  o.s.web.servlet.handler.SimpleUrlHandlerMapping -Mapped URL path [/**] onto handler of type [class org.springframework.web.servlet.resource.ResourceHttpRequestHandler]
2021-02-08 15:48:05.167 [main] INFO  o.s.jmx.export.annotation.AnnotationMBeanExporter -Registering beans for JMX exposure on startup
2021-02-08 15:48:05.169 [main] INFO  o.s.jmx.export.annotation.AnnotationMBeanExporter -Bean with name 'statFilter' has been autodetected for JMX exposure
2021-02-08 15:48:05.169 [main] INFO  o.s.jmx.export.annotation.AnnotationMBeanExporter -Bean with name 'dataSource' has been autodetected for JMX exposure
2021-02-08 15:48:05.173 [main] INFO  o.s.jmx.export.annotation.AnnotationMBeanExporter -Located MBean 'dataSource': registering with JMX server as MBean [com.alibaba.druid.spring.boot.autoconfigure:name=dataSource,type=DruidDataSourceWrapper]
2021-02-08 15:48:05.173 [main] INFO  o.s.jmx.export.annotation.AnnotationMBeanExporter -Located MBean 'statFilter': registering with JMX server as MBean [com.alibaba.druid.filter.stat:name=statFilter,type=StatFilter]
2021-02-08 15:48:05.184 [main] INFO  org.apache.coyote.http11.Http11NioProtocol -Starting ProtocolHandler ["http-nio-8080"]
2021-02-08 15:48:05.192 [main] INFO  org.apache.tomcat.util.net.NioSelectorPool -Using a shared selector for servlet write/read
2021-02-08 15:48:05.206 [main] INFO  o.s.boot.web.embedded.tomcat.TomcatWebServer -Tomcat started on port(s): 8080 (http) with context path ''
2021-02-08 15:48:05.209 [main] INFO  cn.SSMApplication -Started SSMApplication in 4.029 seconds (JVM running for 5.698)
2021-02-08 15:48:05.432 [http-nio-8080-exec-1] INFO  o.a.c.core.ContainerBase.[Tomcat].[localhost].[/] -Initializing Spring FrameworkServlet 'dispatcherServlet'
2021-02-08 15:48:05.433 [http-nio-8080-exec-1] INFO  org.springframework.web.servlet.DispatcherServlet -FrameworkServlet 'dispatcherServlet': initialization started
2021-02-08 15:48:05.460 [http-nio-8080-exec-1] INFO  org.springframework.web.servlet.DispatcherServlet -FrameworkServlet 'dispatcherServlet': initialization completed in 27 ms
2021-02-08 15:48:05.510 [http-nio-8080-exec-1] DEBUG cn.zhen77.mapper.DeptMapper.selectAll -==>  Preparing: select * from dept 
2021-02-08 15:48:05.534 [http-nio-8080-exec-1] DEBUG cn.zhen77.mapper.DeptMapper.selectAll -==> Parameters: 
2021-02-08 15:48:05.562 [http-nio-8080-exec-1] DEBUG cn.zhen77.mapper.DeptMapper.selectAll -<==      Total: 5
2021-02-08 15:53:00.462 [main] INFO  cn.SSMApplication -Starting SSMApplication on DESKTOP-KFJAMQ7 with PID 10500 (E:\FrameWork\SpingBoot\SpringBoot02\target\classes started by Zhen77 in E:\FrameWork\SpingBoot\SpringBoot02)
2021-02-08 15:53:00.480 [main] INFO  cn.SSMApplication -No active profile set, falling back to default profiles: default
2021-02-08 15:53:00.583 [main] INFO  o.s.b.w.s.c.AnnotationConfigServletWebServerApplicationContext -Refreshing org.springframework.boot.web.servlet.context.AnnotationConfigServletWebServerApplicationContext@f5958c9: startup date [Mon Feb 08 15:53:00 CST 2021]; root of context hierarchy
2021-02-08 15:53:02.434 [main] INFO  o.s.boot.web.embedded.tomcat.TomcatWebServer -Tomcat initialized with port(s): 8080 (http)
2021-02-08 15:53:02.447 [main] INFO  org.apache.coyote.http11.Http11NioProtocol -Initializing ProtocolHandler ["http-nio-8080"]
2021-02-08 15:53:02.459 [main] INFO  org.apache.catalina.core.StandardService -Starting service [Tomcat]
2021-02-08 15:53:02.459 [main] INFO  org.apache.catalina.core.StandardEngine -Starting Servlet Engine: Apache Tomcat/8.5.31
2021-02-08 15:53:02.466 [localhost-startStop-1] INFO  org.apache.catalina.core.AprLifecycleListener -Loaded APR based Apache Tomcat Native library [1.2.21] using APR version [1.6.5].
2021-02-08 15:53:02.466 [localhost-startStop-1] INFO  org.apache.catalina.core.AprLifecycleListener -APR capabilities: IPv6 [true], sendfile [true], accept filters [false], random [true].
2021-02-08 15:53:02.466 [localhost-startStop-1] INFO  org.apache.catalina.core.AprLifecycleListener -APR/OpenSSL configuration: useAprConnector [false], useOpenSSL [true]
2021-02-08 15:53:02.472 [localhost-startStop-1] INFO  org.apache.catalina.core.AprLifecycleListener -OpenSSL successfully initialized [OpenSSL 1.1.1a  20 Nov 2018]
2021-02-08 15:53:02.704 [localhost-startStop-1] INFO  o.a.c.core.ContainerBase.[Tomcat].[localhost].[/] -Initializing Spring embedded WebApplicationContext
2021-02-08 15:53:02.705 [localhost-startStop-1] INFO  org.springframework.web.context.ContextLoader -Root WebApplicationContext: initialization completed in 2122 ms
2021-02-08 15:53:02.910 [localhost-startStop-1] INFO  o.s.boot.web.servlet.ServletRegistrationBean -Servlet dispatcherServlet mapped to [/]
2021-02-08 15:53:02.913 [localhost-startStop-1] INFO  o.s.boot.web.servlet.ServletRegistrationBean -Servlet statViewServlet mapped to [/druid/*]
2021-02-08 15:53:02.921 [localhost-startStop-1] INFO  o.s.boot.web.servlet.FilterRegistrationBean -Mapping filter: 'characterEncodingFilter' to: [/*]
2021-02-08 15:53:02.922 [localhost-startStop-1] INFO  o.s.boot.web.servlet.FilterRegistrationBean -Mapping filter: 'hiddenHttpMethodFilter' to: [/*]
2021-02-08 15:53:02.922 [localhost-startStop-1] INFO  o.s.boot.web.servlet.FilterRegistrationBean -Mapping filter: 'httpPutFormContentFilter' to: [/*]
2021-02-08 15:53:02.922 [localhost-startStop-1] INFO  o.s.boot.web.servlet.FilterRegistrationBean -Mapping filter: 'requestContextFilter' to: [/*]
2021-02-08 15:53:02.922 [localhost-startStop-1] INFO  o.s.boot.web.servlet.FilterRegistrationBean -Mapping filter: 'webStatFilter' to urls: [/*]
2021-02-08 15:53:03.000 [main] INFO  c.a.d.s.b.a.DruidDataSourceAutoConfigure -Init DruidDataSource
2021-02-08 15:53:04.339 [main] INFO  com.alibaba.druid.pool.DruidDataSource -{dataSource-1} inited
2021-02-08 15:53:04.621 [main] INFO  o.s.web.servlet.handler.SimpleUrlHandlerMapping -Mapped URL path [/**/favicon.ico] onto handler of type [class org.springframework.web.servlet.resource.ResourceHttpRequestHandler]
2021-02-08 15:53:04.860 [main] INFO  o.s.w.s.m.m.a.RequestMappingHandlerAdapter -Looking for @ControllerAdvice: org.springframework.boot.web.servlet.context.AnnotationConfigServletWebServerApplicationContext@f5958c9: startup date [Mon Feb 08 15:53:00 CST 2021]; root of context hierarchy
2021-02-08 15:53:04.943 [main] INFO  o.s.w.s.m.m.a.RequestMappingHandlerMapping -Mapped "{[/show]}" onto public void cn.zhen77.controller.DeptController.show(int,java.lang.String)
2021-02-08 15:53:04.945 [main] INFO  o.s.w.s.m.m.a.RequestMappingHandlerMapping -Mapped "{[/getall]}" onto public org.springframework.web.servlet.ModelAndView cn.zhen77.controller.DeptController.getall(javax.servlet.http.HttpSession)
2021-02-08 15:53:04.951 [main] INFO  o.s.w.s.m.m.a.RequestMappingHandlerMapping -Mapped "{[/error]}" onto public org.springframework.http.ResponseEntity<java.util.Map<java.lang.String, java.lang.Object>> org.springframework.boot.autoconfigure.web.servlet.error.BasicErrorController.error(javax.servlet.http.HttpServletRequest)
2021-02-08 15:53:04.952 [main] INFO  o.s.w.s.m.m.a.RequestMappingHandlerMapping -Mapped "{[/error],produces=[text/html]}" onto public org.springframework.web.servlet.ModelAndView org.springframework.boot.autoconfigure.web.servlet.error.BasicErrorController.errorHtml(javax.servlet.http.HttpServletRequest,javax.servlet.http.HttpServletResponse)
2021-02-08 15:53:04.996 [main] INFO  o.s.web.servlet.handler.SimpleUrlHandlerMapping -Mapped URL path [/webjars/**] onto handler of type [class org.springframework.web.servlet.resource.ResourceHttpRequestHandler]
2021-02-08 15:53:04.997 [main] INFO  o.s.web.servlet.handler.SimpleUrlHandlerMapping -Mapped URL path [/**] onto handler of type [class org.springframework.web.servlet.resource.ResourceHttpRequestHandler]
2021-02-08 15:53:05.422 [main] INFO  o.s.jmx.export.annotation.AnnotationMBeanExporter -Registering beans for JMX exposure on startup
2021-02-08 15:53:05.424 [main] INFO  o.s.jmx.export.annotation.AnnotationMBeanExporter -Bean with name 'statFilter' has been autodetected for JMX exposure
2021-02-08 15:53:05.424 [main] INFO  o.s.jmx.export.annotation.AnnotationMBeanExporter -Bean with name 'dataSource' has been autodetected for JMX exposure
2021-02-08 15:53:05.428 [main] INFO  o.s.jmx.export.annotation.AnnotationMBeanExporter -Located MBean 'dataSource': registering with JMX server as MBean [com.alibaba.druid.spring.boot.autoconfigure:name=dataSource,type=DruidDataSourceWrapper]
2021-02-08 15:53:05.429 [main] INFO  o.s.jmx.export.annotation.AnnotationMBeanExporter -Located MBean 'statFilter': registering with JMX server as MBean [com.alibaba.druid.filter.stat:name=statFilter,type=StatFilter]
2021-02-08 15:53:05.445 [main] INFO  org.apache.coyote.http11.Http11NioProtocol -Starting ProtocolHandler ["http-nio-8080"]
2021-02-08 15:53:05.459 [main] INFO  org.apache.tomcat.util.net.NioSelectorPool -Using a shared selector for servlet write/read
2021-02-08 15:53:05.482 [main] INFO  o.s.boot.web.embedded.tomcat.TomcatWebServer -Tomcat started on port(s): 8080 (http) with context path ''
2021-02-08 15:53:05.486 [main] INFO  cn.SSMApplication -Started SSMApplication in 5.877 seconds (JVM running for 7.785)
2021-02-08 15:53:05.648 [http-nio-8080-exec-1] INFO  o.a.c.core.ContainerBase.[Tomcat].[localhost].[/] -Initializing Spring FrameworkServlet 'dispatcherServlet'
2021-02-08 15:53:05.651 [http-nio-8080-exec-1] INFO  org.springframework.web.servlet.DispatcherServlet -FrameworkServlet 'dispatcherServlet': initialization started
2021-02-08 15:53:05.706 [http-nio-8080-exec-1] INFO  org.springframework.web.servlet.DispatcherServlet -FrameworkServlet 'dispatcherServlet': initialization completed in 54 ms
2021-02-08 15:53:05.793 [http-nio-8080-exec-1] DEBUG cn.zhen77.mapper.DeptMapper.selectAll -==>  Preparing: select * from dept 
2021-02-08 15:53:05.825 [http-nio-8080-exec-1] DEBUG cn.zhen77.mapper.DeptMapper.selectAll -==> Parameters: 
2021-02-08 15:53:05.869 [http-nio-8080-exec-1] DEBUG cn.zhen77.mapper.DeptMapper.selectAll -<==      Total: 5
2021-02-08 15:53:16.823 [http-nio-8080-exec-6] ERROR o.a.c.c.C.[.[localhost].[/].[dispatcherServlet] -Servlet.service() for servlet [dispatcherServlet] in context with path [] threw exception [Request processing failed; nested exception is java.lang.IllegalStateException: Optional int parameter 'id' is present but cannot be translated into a null value due to being declared as a primitive type. Consider declaring it as object wrapper for the corresponding primitive type.] with root cause
java.lang.IllegalStateException: Optional int parameter 'id' is present but cannot be translated into a null value due to being declared as a primitive type. Consider declaring it as object wrapper for the corresponding primitive type.
	at org.springframework.web.method.annotation.AbstractNamedValueMethodArgumentResolver.handleNullValue(AbstractNamedValueMethodArgumentResolver.java:244)
	at org.springframework.web.method.annotation.AbstractNamedValueMethodArgumentResolver.resolveArgument(AbstractNamedValueMethodArgumentResolver.java:114)
	at org.springframework.web.method.support.HandlerMethodArgumentResolverComposite.resolveArgument(HandlerMethodArgumentResolverComposite.java:124)
	at org.springframework.web.method.support.InvocableHandlerMethod.getMethodArgumentValues(InvocableHandlerMethod.java:161)
	at org.springframework.web.method.support.InvocableHandlerMethod.invokeForRequest(InvocableHandlerMethod.java:131)
	at org.springframework.web.servlet.mvc.method.annotation.ServletInvocableHandlerMethod.invokeAndHandle(ServletInvocableHandlerMethod.java:102)
	at org.springframework.web.servlet.mvc.method.annotation.RequestMappingHandlerAdapter.invokeHandlerMethod(RequestMappingHandlerAdapter.java:877)
	at org.springframework.web.servlet.mvc.method.annotation.RequestMappingHandlerAdapter.handleInternal(RequestMappingHandlerAdapter.java:783)
	at org.springframework.web.servlet.mvc.method.AbstractHandlerMethodAdapter.handle(AbstractHandlerMethodAdapter.java:87)
	at org.springframework.web.servlet.DispatcherServlet.doDispatch(DispatcherServlet.java:991)
	at org.springframework.web.servlet.DispatcherServlet.doService(DispatcherServlet.java:925)
	at org.springframework.web.servlet.FrameworkServlet.processRequest(FrameworkServlet.java:974)
	at org.springframework.web.servlet.FrameworkServlet.doGet(FrameworkServlet.java:866)
	at javax.servlet.http.HttpServlet.service(HttpServlet.java:635)
	at org.springframework.web.servlet.FrameworkServlet.service(FrameworkServlet.java:851)
	at javax.servlet.http.HttpServlet.service(HttpServlet.java:742)
	at org.apache.catalina.core.ApplicationFilterChain.internalDoFilter(ApplicationFilterChain.java:231)
	at org.apache.catalina.core.ApplicationFilterChain.doFilter(ApplicationFilterChain.java:166)
	at org.apache.tomcat.websocket.server.WsFilter.doFilter(WsFilter.java:52)
	at org.apache.catalina.core.ApplicationFilterChain.internalDoFilter(ApplicationFilterChain.java:193)
	at org.apache.catalina.core.ApplicationFilterChain.doFilter(ApplicationFilterChain.java:166)
	at com.alibaba.druid.support.http.WebStatFilter.doFilter(WebStatFilter.java:123)
	at org.apache.catalina.core.ApplicationFilterChain.internalDoFilter(ApplicationFilterChain.java:193)
	at org.apache.catalina.core.ApplicationFilterChain.doFilter(ApplicationFilterChain.java:166)
	at org.springframework.web.filter.RequestContextFilter.doFilterInternal(RequestContextFilter.java:99)
	at org.springframework.web.filter.OncePerRequestFilter.doFilter(OncePerRequestFilter.java:107)
	at org.apache.catalina.core.ApplicationFilterChain.internalDoFilter(ApplicationFilterChain.java:193)
	at org.apache.catalina.core.ApplicationFilterChain.doFilter(ApplicationFilterChain.java:166)
	at org.springframework.web.filter.HttpPutFormContentFilter.doFilterInternal(HttpPutFormContentFilter.java:109)
	at org.springframework.web.filter.OncePerRequestFilter.doFilter(OncePerRequestFilter.java:107)
	at org.apache.catalina.core.ApplicationFilterChain.internalDoFilter(ApplicationFilterChain.java:193)
	at org.apache.catalina.core.ApplicationFilterChain.doFilter(ApplicationFilterChain.java:166)
	at org.springframework.web.filter.HiddenHttpMethodFilter.doFilterInternal(HiddenHttpMethodFilter.java:93)
	at org.springframework.web.filter.OncePerRequestFilter.doFilter(OncePerRequestFilter.java:107)
	at org.apache.catalina.core.ApplicationFilterChain.internalDoFilter(ApplicationFilterChain.java:193)
	at org.apache.catalina.core.ApplicationFilterChain.doFilter(ApplicationFilterChain.java:166)
	at org.springframework.web.filter.CharacterEncodingFilter.doFilterInternal(CharacterEncodingFilter.java:200)
	at org.springframework.web.filter.OncePerRequestFilter.doFilter(OncePerRequestFilter.java:107)
	at org.apache.catalina.core.ApplicationFilterChain.internalDoFilter(ApplicationFilterChain.java:193)
	at org.apache.catalina.core.ApplicationFilterChain.doFilter(ApplicationFilterChain.java:166)
	at org.apache.catalina.core.StandardWrapperValve.invoke(StandardWrapperValve.java:198)
	at org.apache.catalina.core.StandardContextValve.invoke(StandardContextValve.java:96)
	at org.apache.catalina.authenticator.AuthenticatorBase.invoke(AuthenticatorBase.java:496)
	at org.apache.catalina.core.StandardHostValve.invoke(StandardHostValve.java:140)
	at org.apache.catalina.valves.ErrorReportValve.invoke(ErrorReportValve.java:81)
	at org.apache.catalina.core.StandardEngineValve.invoke(StandardEngineValve.java:87)
	at org.apache.catalina.connector.CoyoteAdapter.service(CoyoteAdapter.java:342)
	at org.apache.coyote.http11.Http11Processor.service(Http11Processor.java:803)
	at org.apache.coyote.AbstractProcessorLight.process(AbstractProcessorLight.java:66)
	at org.apache.coyote.AbstractProtocol$ConnectionHandler.process(AbstractProtocol.java:790)
	at org.apache.tomcat.util.net.NioEndpoint$SocketProcessor.doRun(NioEndpoint.java:1468)
	at org.apache.tomcat.util.net.SocketProcessorBase.run(SocketProcessorBase.java:49)
	at java.util.concurrent.ThreadPoolExecutor.runWorker(ThreadPoolExecutor.java:1149)
	at java.util.concurrent.ThreadPoolExecutor$Worker.run(ThreadPoolExecutor.java:624)
	at org.apache.tomcat.util.threads.TaskThread$WrappingRunnable.run(TaskThread.java:61)
	at java.lang.Thread.run(Thread.java:748)
2021-02-08 15:54:14.452 [http-nio-8080-exec-3] DEBUG cn.zhen77.mapper.DeptMapper.selectAll -==>  Preparing: select * from dept 
2021-02-08 15:54:14.452 [http-nio-8080-exec-3] DEBUG cn.zhen77.mapper.DeptMapper.selectAll -==> Parameters: 
2021-02-08 15:54:14.459 [http-nio-8080-exec-3] DEBUG cn.zhen77.mapper.DeptMapper.selectAll -<==      Total: 5
2021-02-08 16:33:52.084 [restartedMain] INFO  cn.SSMApplication -Starting SSMApplication on DESKTOP-KFJAMQ7 with PID 14992 (E:\FrameWork\SpingBoot\SpringBoot02\target\classes started by Zhen77 in E:\FrameWork\SpingBoot\SpringBoot02)
2021-02-08 16:33:52.088 [restartedMain] INFO  cn.SSMApplication -No active profile set, falling back to default profiles: default
2021-02-08 16:33:52.412 [restartedMain] ERROR org.springframework.boot.SpringApplication -Application run failed
java.lang.NoSuchMethodError: org.springframework.boot.logging.DeferredLog.switchTo(Ljava/lang/Class;)V
	at org.springframework.boot.devtools.logger.DevToolsLogFactory$Listener.lambda$onApplicationEvent$0(DevToolsLogFactory.java:66)
	at java.util.LinkedHashMap.forEach(LinkedHashMap.java:684)
	at org.springframework.boot.devtools.logger.DevToolsLogFactory$Listener.onApplicationEvent(DevToolsLogFactory.java:64)
	at org.springframework.boot.devtools.logger.DevToolsLogFactory$Listener.onApplicationEvent(DevToolsLogFactory.java:59)
	at org.springframework.context.event.SimpleApplicationEventMulticaster.doInvokeListener(SimpleApplicationEventMulticaster.java:172)
	at org.springframework.context.event.SimpleApplicationEventMulticaster.invokeListener(SimpleApplicationEventMulticaster.java:165)
	at org.springframework.context.event.SimpleApplicationEventMulticaster.multicastEvent(SimpleApplicationEventMulticaster.java:139)
	at org.springframework.context.event.SimpleApplicationEventMulticaster.multicastEvent(SimpleApplicationEventMulticaster.java:127)
	at org.springframework.boot.context.event.EventPublishingRunListener.contextLoaded(EventPublishingRunListener.java:91)
	at org.springframework.boot.SpringApplicationRunListeners.contextLoaded(SpringApplicationRunListeners.java:66)
	at org.springframework.boot.SpringApplication.prepareContext(SpringApplication.java:391)
	at org.springframework.boot.SpringApplication.run(SpringApplication.java:325)
	at org.springframework.boot.SpringApplication.run(SpringApplication.java:1255)
	at org.springframework.boot.SpringApplication.run(SpringApplication.java:1243)
	at cn.SSMApplication.main(SSMApplication.java:20)
	at sun.reflect.NativeMethodAccessorImpl.invoke0(Native Method)
	at sun.reflect.NativeMethodAccessorImpl.invoke(NativeMethodAccessorImpl.java:62)
	at sun.reflect.DelegatingMethodAccessorImpl.invoke(DelegatingMethodAccessorImpl.java:43)
	at java.lang.reflect.Method.invoke(Method.java:498)
	at org.springframework.boot.devtools.restart.RestartLauncher.run(RestartLauncher.java:49)
2021-02-08 16:35:11.806 [restartedMain] INFO  cn.SSMApplication -Starting SSMApplication on DESKTOP-KFJAMQ7 with PID 12372 (E:\FrameWork\SpingBoot\SpringBoot02\target\classes started by Zhen77 in E:\FrameWork\SpingBoot\SpringBoot02)
2021-02-08 16:35:11.811 [restartedMain] INFO  cn.SSMApplication -No active profile set, falling back to default profiles: default
2021-02-08 16:35:12.137 [restartedMain] ERROR org.springframework.boot.SpringApplication -Application run failed
java.lang.NoSuchMethodError: org.springframework.boot.logging.DeferredLog.switchTo(Ljava/lang/Class;)V
	at org.springframework.boot.devtools.logger.DevToolsLogFactory$Listener.lambda$onApplicationEvent$0(DevToolsLogFactory.java:66)
	at java.util.LinkedHashMap.forEach(LinkedHashMap.java:684)
	at org.springframework.boot.devtools.logger.DevToolsLogFactory$Listener.onApplicationEvent(DevToolsLogFactory.java:64)
	at org.springframework.boot.devtools.logger.DevToolsLogFactory$Listener.onApplicationEvent(DevToolsLogFactory.java:59)
	at org.springframework.context.event.SimpleApplicationEventMulticaster.doInvokeListener(SimpleApplicationEventMulticaster.java:172)
	at org.springframework.context.event.SimpleApplicationEventMulticaster.invokeListener(SimpleApplicationEventMulticaster.java:165)
	at org.springframework.context.event.SimpleApplicationEventMulticaster.multicastEvent(SimpleApplicationEventMulticaster.java:139)
	at org.springframework.context.event.SimpleApplicationEventMulticaster.multicastEvent(SimpleApplicationEventMulticaster.java:127)
	at org.springframework.boot.context.event.EventPublishingRunListener.contextLoaded(EventPublishingRunListener.java:91)
	at org.springframework.boot.SpringApplicationRunListeners.contextLoaded(SpringApplicationRunListeners.java:66)
	at org.springframework.boot.SpringApplication.prepareContext(SpringApplication.java:391)
	at org.springframework.boot.SpringApplication.run(SpringApplication.java:325)
	at org.springframework.boot.SpringApplication.run(SpringApplication.java:1255)
	at org.springframework.boot.SpringApplication.run(SpringApplication.java:1243)
	at cn.SSMApplication.main(SSMApplication.java:20)
	at sun.reflect.NativeMethodAccessorImpl.invoke0(Native Method)
	at sun.reflect.NativeMethodAccessorImpl.invoke(NativeMethodAccessorImpl.java:62)
	at sun.reflect.DelegatingMethodAccessorImpl.invoke(DelegatingMethodAccessorImpl.java:43)
	at java.lang.reflect.Method.invoke(Method.java:498)
	at org.springframework.boot.devtools.restart.RestartLauncher.run(RestartLauncher.java:49)
2021-02-08 16:38:18.614 [main] INFO  cn.SSMApplication -Starting SSMApplication on DESKTOP-KFJAMQ7 with PID 16080 (E:\FrameWork\SpingBoot\SpringBoot02\target\classes started by Zhen77 in E:\FrameWork\SpingBoot\SpringBoot02)
2021-02-08 16:38:18.617 [main] INFO  cn.SSMApplication -No active profile set, falling back to default profiles: default
2021-02-08 16:38:18.654 [main] INFO  o.s.b.w.s.c.AnnotationConfigServletWebServerApplicationContext -Refreshing org.springframework.boot.web.servlet.context.AnnotationConfigServletWebServerApplicationContext@f5958c9: startup date [Mon Feb 08 16:38:18 CST 2021]; root of context hierarchy
2021-02-08 16:38:19.877 [main] INFO  o.s.boot.web.embedded.tomcat.TomcatWebServer -Tomcat initialized with port(s): 8080 (http)
2021-02-08 16:38:19.891 [main] INFO  org.apache.coyote.http11.Http11NioProtocol -Initializing ProtocolHandler ["http-nio-8080"]
2021-02-08 16:38:19.900 [main] INFO  org.apache.catalina.core.StandardService -Starting service [Tomcat]
2021-02-08 16:38:19.900 [main] INFO  org.apache.catalina.core.StandardEngine -Starting Servlet Engine: Apache Tomcat/8.5.31
2021-02-08 16:38:19.904 [localhost-startStop-1] INFO  org.apache.catalina.core.AprLifecycleListener -Loaded APR based Apache Tomcat Native library [1.2.21] using APR version [1.6.5].
2021-02-08 16:38:19.905 [localhost-startStop-1] INFO  org.apache.catalina.core.AprLifecycleListener -APR capabilities: IPv6 [true], sendfile [true], accept filters [false], random [true].
2021-02-08 16:38:19.905 [localhost-startStop-1] INFO  org.apache.catalina.core.AprLifecycleListener -APR/OpenSSL configuration: useAprConnector [false], useOpenSSL [true]
2021-02-08 16:38:19.909 [localhost-startStop-1] INFO  org.apache.catalina.core.AprLifecycleListener -OpenSSL successfully initialized [OpenSSL 1.1.1a  20 Nov 2018]
2021-02-08 16:38:20.080 [localhost-startStop-1] INFO  o.a.c.core.ContainerBase.[Tomcat].[localhost].[/] -Initializing Spring embedded WebApplicationContext
2021-02-08 16:38:20.081 [localhost-startStop-1] INFO  org.springframework.web.context.ContextLoader -Root WebApplicationContext: initialization completed in 1427 ms
2021-02-08 16:38:20.350 [localhost-startStop-1] INFO  o.s.boot.web.servlet.ServletRegistrationBean -Servlet dispatcherServlet mapped to [/]
2021-02-08 16:38:20.351 [localhost-startStop-1] INFO  o.s.boot.web.servlet.ServletRegistrationBean -Servlet statViewServlet mapped to [/druid/*]
2021-02-08 16:38:20.354 [localhost-startStop-1] INFO  o.s.boot.web.servlet.FilterRegistrationBean -Mapping filter: 'characterEncodingFilter' to: [/*]
2021-02-08 16:38:20.355 [localhost-startStop-1] INFO  o.s.boot.web.servlet.FilterRegistrationBean -Mapping filter: 'hiddenHttpMethodFilter' to: [/*]
2021-02-08 16:38:20.356 [localhost-startStop-1] INFO  o.s.boot.web.servlet.FilterRegistrationBean -Mapping filter: 'httpPutFormContentFilter' to: [/*]
2021-02-08 16:38:20.357 [localhost-startStop-1] INFO  o.s.boot.web.servlet.FilterRegistrationBean -Mapping filter: 'requestContextFilter' to: [/*]
2021-02-08 16:38:20.357 [localhost-startStop-1] INFO  o.s.boot.web.servlet.FilterRegistrationBean -Mapping filter: 'webStatFilter' to urls: [/*]
2021-02-08 16:38:20.432 [main] INFO  c.a.d.s.b.a.DruidDataSourceAutoConfigure -Init DruidDataSource
2021-02-08 16:38:21.721 [main] INFO  com.alibaba.druid.pool.DruidDataSource -{dataSource-1} inited
2021-02-08 16:38:21.936 [main] INFO  o.s.web.servlet.handler.SimpleUrlHandlerMapping -Mapped URL path [/**/favicon.ico] onto handler of type [class org.springframework.web.servlet.resource.ResourceHttpRequestHandler]
2021-02-08 16:38:22.119 [main] INFO  o.s.w.s.m.m.a.RequestMappingHandlerAdapter -Looking for @ControllerAdvice: org.springframework.boot.web.servlet.context.AnnotationConfigServletWebServerApplicationContext@f5958c9: startup date [Mon Feb 08 16:38:18 CST 2021]; root of context hierarchy
2021-02-08 16:38:22.189 [main] INFO  o.s.w.s.m.m.a.RequestMappingHandlerMapping -Mapped "{[/getall]}" onto public org.springframework.web.servlet.ModelAndView cn.zhen77.controller.DeptController.getall(javax.servlet.http.HttpSession)
2021-02-08 16:38:22.190 [main] INFO  o.s.w.s.m.m.a.RequestMappingHandlerMapping -Mapped "{[/show]}" onto public void cn.zhen77.controller.DeptController.show(int,java.lang.String)
2021-02-08 16:38:22.193 [main] INFO  o.s.w.s.m.m.a.RequestMappingHandlerMapping -Mapped "{[/error]}" onto public org.springframework.http.ResponseEntity<java.util.Map<java.lang.String, java.lang.Object>> org.springframework.boot.autoconfigure.web.servlet.error.BasicErrorController.error(javax.servlet.http.HttpServletRequest)
2021-02-08 16:38:22.193 [main] INFO  o.s.w.s.m.m.a.RequestMappingHandlerMapping -Mapped "{[/error],produces=[text/html]}" onto public org.springframework.web.servlet.ModelAndView org.springframework.boot.autoconfigure.web.servlet.error.BasicErrorController.errorHtml(javax.servlet.http.HttpServletRequest,javax.servlet.http.HttpServletResponse)
2021-02-08 16:38:22.218 [main] INFO  o.s.web.servlet.handler.SimpleUrlHandlerMapping -Mapped URL path [/webjars/**] onto handler of type [class org.springframework.web.servlet.resource.ResourceHttpRequestHandler]
2021-02-08 16:38:22.218 [main] INFO  o.s.web.servlet.handler.SimpleUrlHandlerMapping -Mapped URL path [/**] onto handler of type [class org.springframework.web.servlet.resource.ResourceHttpRequestHandler]
2021-02-08 16:38:22.483 [main] INFO  o.s.jmx.export.annotation.AnnotationMBeanExporter -Registering beans for JMX exposure on startup
2021-02-08 16:38:22.484 [main] INFO  o.s.jmx.export.annotation.AnnotationMBeanExporter -Bean with name 'statFilter' has been autodetected for JMX exposure
2021-02-08 16:38:22.485 [main] INFO  o.s.jmx.export.annotation.AnnotationMBeanExporter -Bean with name 'dataSource' has been autodetected for JMX exposure
2021-02-08 16:38:22.489 [main] INFO  o.s.jmx.export.annotation.AnnotationMBeanExporter -Located MBean 'dataSource': registering with JMX server as MBean [com.alibaba.druid.spring.boot.autoconfigure:name=dataSource,type=DruidDataSourceWrapper]
2021-02-08 16:38:22.489 [main] INFO  o.s.jmx.export.annotation.AnnotationMBeanExporter -Located MBean 'statFilter': registering with JMX server as MBean [com.alibaba.druid.filter.stat:name=statFilter,type=StatFilter]
2021-02-08 16:38:22.499 [main] INFO  org.apache.coyote.http11.Http11NioProtocol -Starting ProtocolHandler ["http-nio-8080"]
2021-02-08 16:38:22.508 [main] INFO  org.apache.tomcat.util.net.NioSelectorPool -Using a shared selector for servlet write/read
2021-02-08 16:38:22.521 [main] INFO  o.s.boot.web.embedded.tomcat.TomcatWebServer -Tomcat started on port(s): 8080 (http) with context path ''
2021-02-08 16:38:22.524 [main] INFO  cn.SSMApplication -Started SSMApplication in 4.275 seconds (JVM running for 6.278)
2021-02-08 16:39:01.315 [restartedMain] INFO  cn.SSMApplication -Starting SSMApplication on DESKTOP-KFJAMQ7 with PID 16544 (E:\FrameWork\SpingBoot\SpringBoot02\target\classes started by Zhen77 in E:\FrameWork\SpingBoot\SpringBoot02)
2021-02-08 16:39:01.319 [restartedMain] INFO  cn.SSMApplication -No active profile set, falling back to default profiles: default
2021-02-08 16:39:01.663 [restartedMain] ERROR org.springframework.boot.SpringApplication -Application run failed
java.lang.NoSuchMethodError: org.springframework.boot.logging.DeferredLog.switchTo(Ljava/lang/Class;)V
	at org.springframework.boot.devtools.logger.DevToolsLogFactory$Listener.lambda$onApplicationEvent$0(DevToolsLogFactory.java:66)
	at java.util.LinkedHashMap.forEach(LinkedHashMap.java:684)
	at org.springframework.boot.devtools.logger.DevToolsLogFactory$Listener.onApplicationEvent(DevToolsLogFactory.java:64)
	at org.springframework.boot.devtools.logger.DevToolsLogFactory$Listener.onApplicationEvent(DevToolsLogFactory.java:59)
	at org.springframework.context.event.SimpleApplicationEventMulticaster.doInvokeListener(SimpleApplicationEventMulticaster.java:172)
	at org.springframework.context.event.SimpleApplicationEventMulticaster.invokeListener(SimpleApplicationEventMulticaster.java:165)
	at org.springframework.context.event.SimpleApplicationEventMulticaster.multicastEvent(SimpleApplicationEventMulticaster.java:139)
	at org.springframework.context.event.SimpleApplicationEventMulticaster.multicastEvent(SimpleApplicationEventMulticaster.java:127)
	at org.springframework.boot.context.event.EventPublishingRunListener.contextLoaded(EventPublishingRunListener.java:91)
	at org.springframework.boot.SpringApplicationRunListeners.contextLoaded(SpringApplicationRunListeners.java:66)
	at org.springframework.boot.SpringApplication.prepareContext(SpringApplication.java:391)
	at org.springframework.boot.SpringApplication.run(SpringApplication.java:325)
	at org.springframework.boot.SpringApplication.run(SpringApplication.java:1255)
	at org.springframework.boot.SpringApplication.run(SpringApplication.java:1243)
	at cn.SSMApplication.main(SSMApplication.java:20)
	at sun.reflect.NativeMethodAccessorImpl.invoke0(Native Method)
	at sun.reflect.NativeMethodAccessorImpl.invoke(NativeMethodAccessorImpl.java:62)
	at sun.reflect.DelegatingMethodAccessorImpl.invoke(DelegatingMethodAccessorImpl.java:43)
	at java.lang.reflect.Method.invoke(Method.java:498)
	at org.springframework.boot.devtools.restart.RestartLauncher.run(RestartLauncher.java:49)
2021-02-08 16:43:42.348 [restartedMain] INFO  cn.SSMApplication -Starting SSMApplication on DESKTOP-KFJAMQ7 with PID 10636 (E:\FrameWork\SpingBoot\SpringBoot02\target\classes started by Zhen77 in E:\FrameWork\SpingBoot\SpringBoot02)
2021-02-08 16:43:42.351 [restartedMain] INFO  cn.SSMApplication -No active profile set, falling back to default profiles: default
2021-02-08 16:43:42.407 [restartedMain] INFO  o.s.b.d.env.DevToolsPropertyDefaultsPostProcessor -Devtools property defaults active! Set 'spring.devtools.add-properties' to 'false' to disable
2021-02-08 16:43:42.408 [restartedMain] INFO  o.s.b.d.env.DevToolsPropertyDefaultsPostProcessor -For additional web related logging consider setting the 'logging.level.web' property to 'DEBUG'
2021-02-08 16:43:42.703 [restartedMain] ERROR org.springframework.boot.SpringApplication -Application run failed
java.lang.NoClassDefFoundError: org/springframework/boot/bind/RelaxedPropertyResolver
	at org.springframework.boot.autoconfigure.AutoConfigurationImportSelector.getExcludeAutoConfigurationsProperty(AutoConfigurationImportSelector.java:215)
	at org.springframework.boot.autoconfigure.AutoConfigurationImportSelector.getExclusions(AutoConfigurationImportSelector.java:209)
	at org.springframework.boot.autoconfigure.AutoConfigurationImportSelector.selectImports(AutoConfigurationImportSelector.java:99)
	at org.springframework.context.annotation.ConfigurationClassParser$DefaultDeferredImportSelectorGroup.process(ConfigurationClassParser.java:889)
	at org.springframework.context.annotation.ConfigurationClassParser$DeferredImportSelectorGrouping.getImports(ConfigurationClassParser.java:875)
	at org.springframework.context.annotation.ConfigurationClassParser$DeferredImportSelectorGroupingHandler.processGroupImports(ConfigurationClassParser.java:801)
	at org.springframework.context.annotation.ConfigurationClassParser$DeferredImportSelectorHandler.process(ConfigurationClassParser.java:771)
	at org.springframework.context.annotation.ConfigurationClassParser.parse(ConfigurationClassParser.java:185)
	at org.springframework.context.annotation.ConfigurationClassPostProcessor.processConfigBeanDefinitions(ConfigurationClassPostProcessor.java:315)
	at org.springframework.context.annotation.ConfigurationClassPostProcessor.postProcessBeanDefinitionRegistry(ConfigurationClassPostProcessor.java:232)
	at org.springframework.context.support.PostProcessorRegistrationDelegate.invokeBeanDefinitionRegistryPostProcessors(PostProcessorRegistrationDelegate.java:275)
	at org.springframework.context.support.PostProcessorRegistrationDelegate.invokeBeanFactoryPostProcessors(PostProcessorRegistrationDelegate.java:95)
	at org.springframework.context.support.AbstractApplicationContext.invokeBeanFactoryPostProcessors(AbstractApplicationContext.java:705)
	at org.springframework.context.support.AbstractApplicationContext.refresh(AbstractApplicationContext.java:531)
	at org.springframework.boot.web.servlet.context.ServletWebServerApplicationContext.refresh(ServletWebServerApplicationContext.java:141)
	at org.springframework.boot.SpringApplication.refresh(SpringApplication.java:744)
	at org.springframework.boot.SpringApplication.refreshContext(SpringApplication.java:391)
	at org.springframework.boot.SpringApplication.run(SpringApplication.java:312)
	at org.springframework.boot.SpringApplication.run(SpringApplication.java:1215)
	at org.springframework.boot.SpringApplication.run(SpringApplication.java:1204)
	at cn.SSMApplication.main(SSMApplication.java:20)
	at sun.reflect.NativeMethodAccessorImpl.invoke0(Native Method)
	at sun.reflect.NativeMethodAccessorImpl.invoke(NativeMethodAccessorImpl.java:62)
	at sun.reflect.DelegatingMethodAccessorImpl.invoke(DelegatingMethodAccessorImpl.java:43)
	at java.lang.reflect.Method.invoke(Method.java:498)
	at org.springframework.boot.devtools.restart.RestartLauncher.run(RestartLauncher.java:49)
Caused by: java.lang.ClassNotFoundException: org.springframework.boot.bind.RelaxedPropertyResolver
	at java.net.URLClassLoader.findClass(URLClassLoader.java:381)
	at java.lang.ClassLoader.loadClass(ClassLoader.java:424)
	at sun.misc.Launcher$AppClassLoader.loadClass(Launcher.java:335)
	at java.lang.ClassLoader.loadClass(ClassLoader.java:357)
	... 26 common frames omitted
2021-02-08 16:43:42.704 [background-preinit] INFO  org.hibernate.validator.internal.util.Version -HV000001: Hibernate Validator 6.0.18.Final
2021-02-08 16:47:08.131 [restartedMain] INFO  cn.SSMApplication -Starting SSMApplication on DESKTOP-KFJAMQ7 with PID 8088 (E:\FrameWork\SpingBoot\SpringBoot02\target\classes started by Zhen77 in E:\FrameWork\SpingBoot\SpringBoot02)
2021-02-08 16:47:08.136 [restartedMain] INFO  cn.SSMApplication -No active profile set, falling back to default profiles: default
2021-02-08 16:47:08.482 [restartedMain] ERROR org.springframework.boot.SpringApplication -Application run failed
java.lang.NoSuchMethodError: org.springframework.boot.logging.DeferredLog.switchTo(Ljava/lang/Class;)V
	at org.springframework.boot.devtools.logger.DevToolsLogFactory$Listener.lambda$onApplicationEvent$0(DevToolsLogFactory.java:66)
	at java.util.LinkedHashMap.forEach(LinkedHashMap.java:684)
	at org.springframework.boot.devtools.logger.DevToolsLogFactory$Listener.onApplicationEvent(DevToolsLogFactory.java:64)
	at org.springframework.boot.devtools.logger.DevToolsLogFactory$Listener.onApplicationEvent(DevToolsLogFactory.java:59)
	at org.springframework.context.event.SimpleApplicationEventMulticaster.doInvokeListener(SimpleApplicationEventMulticaster.java:172)
	at org.springframework.context.event.SimpleApplicationEventMulticaster.invokeListener(SimpleApplicationEventMulticaster.java:165)
	at org.springframework.context.event.SimpleApplicationEventMulticaster.multicastEvent(SimpleApplicationEventMulticaster.java:139)
	at org.springframework.context.event.SimpleApplicationEventMulticaster.multicastEvent(SimpleApplicationEventMulticaster.java:127)
	at org.springframework.boot.context.event.EventPublishingRunListener.contextLoaded(EventPublishingRunListener.java:91)
	at org.springframework.boot.SpringApplicationRunListeners.contextLoaded(SpringApplicationRunListeners.java:66)
	at org.springframework.boot.SpringApplication.prepareContext(SpringApplication.java:391)
	at org.springframework.boot.SpringApplication.run(SpringApplication.java:325)
	at org.springframework.boot.SpringApplication.run(SpringApplication.java:1255)
	at org.springframework.boot.SpringApplication.run(SpringApplication.java:1243)
	at cn.SSMApplication.main(SSMApplication.java:20)
	at sun.reflect.NativeMethodAccessorImpl.invoke0(Native Method)
	at sun.reflect.NativeMethodAccessorImpl.invoke(NativeMethodAccessorImpl.java:62)
	at sun.reflect.DelegatingMethodAccessorImpl.invoke(DelegatingMethodAccessorImpl.java:43)
	at java.lang.reflect.Method.invoke(Method.java:498)
	at org.springframework.boot.devtools.restart.RestartLauncher.run(RestartLauncher.java:49)
2021-02-08 16:52:11.895 [restartedMain] INFO  cn.SSMApplication -Starting SSMApplication on DESKTOP-KFJAMQ7 with PID 2764 (E:\FrameWork\SpingBoot\SpringBoot02\target\classes started by Zhen77 in E:\FrameWork\SpingBoot\SpringBoot02)
2021-02-08 16:52:11.897 [restartedMain] INFO  cn.SSMApplication -No active profile set, falling back to default profiles: default
2021-02-08 16:52:12.085 [background-preinit] INFO  org.hibernate.validator.internal.util.Version -HV000001: Hibernate Validator 6.0.18.Final
2021-02-08 16:52:12.149 [restartedMain] ERROR org.springframework.boot.SpringApplication -Application startup failed
java.lang.NoSuchMethodError: org.springframework.boot.logging.DeferredLog.switchTo(Ljava/lang/Class;)V
	at org.springframework.boot.devtools.logger.DevToolsLogFactory$Listener.lambda$onApplicationEvent$0(DevToolsLogFactory.java:66)
	at java.util.LinkedHashMap.forEach(LinkedHashMap.java:684)
	at org.springframework.boot.devtools.logger.DevToolsLogFactory$Listener.onApplicationEvent(DevToolsLogFactory.java:64)
	at org.springframework.boot.devtools.logger.DevToolsLogFactory$Listener.onApplicationEvent(DevToolsLogFactory.java:59)
	at org.springframework.context.event.SimpleApplicationEventMulticaster.doInvokeListener(SimpleApplicationEventMulticaster.java:172)
	at org.springframework.context.event.SimpleApplicationEventMulticaster.invokeListener(SimpleApplicationEventMulticaster.java:165)
	at org.springframework.context.event.SimpleApplicationEventMulticaster.multicastEvent(SimpleApplicationEventMulticaster.java:139)
	at org.springframework.context.event.SimpleApplicationEventMulticaster.multicastEvent(SimpleApplicationEventMulticaster.java:122)
	at org.springframework.boot.context.event.EventPublishingRunListener.contextLoaded(EventPublishingRunListener.java:91)
	at org.springframework.boot.SpringApplicationRunListeners.contextLoaded(SpringApplicationRunListeners.java:66)
	at org.springframework.boot.SpringApplication.prepareContext(SpringApplication.java:356)
	at org.springframework.boot.SpringApplication.run(SpringApplication.java:301)
	at org.springframework.boot.SpringApplication.run(SpringApplication.java:1118)
	at org.springframework.boot.SpringApplication.run(SpringApplication.java:1107)
	at cn.SSMApplication.main(SSMApplication.java:20)
	at sun.reflect.NativeMethodAccessorImpl.invoke0(Native Method)
	at sun.reflect.NativeMethodAccessorImpl.invoke(NativeMethodAccessorImpl.java:62)
	at sun.reflect.DelegatingMethodAccessorImpl.invoke(DelegatingMethodAccessorImpl.java:43)
	at java.lang.reflect.Method.invoke(Method.java:498)
	at org.springframework.boot.devtools.restart.RestartLauncher.run(RestartLauncher.java:49)
2021-02-08 16:54:21.796 [restartedMain] INFO  cn.SSMApplication -Starting SSMApplication on DESKTOP-KFJAMQ7 with PID 18088 (E:\FrameWork\SpingBoot\SpringBoot02\target\classes started by Zhen77 in E:\FrameWork\SpingBoot\SpringBoot02)
2021-02-08 16:54:21.799 [restartedMain] INFO  cn.SSMApplication -No active profile set, falling back to default profiles: default
2021-02-08 16:54:21.851 [restartedMain] INFO  o.s.b.d.env.DevToolsPropertyDefaultsPostProcessor -Devtools property defaults active! Set 'spring.devtools.add-properties' to 'false' to disable
2021-02-08 16:54:21.851 [restartedMain] INFO  o.s.b.d.env.DevToolsPropertyDefaultsPostProcessor -For additional web related logging consider setting the 'logging.level.web' property to 'DEBUG'
2021-02-08 16:54:22.136 [restartedMain] ERROR org.springframework.boot.SpringApplication -Application run failed
java.lang.NoClassDefFoundError: org/springframework/boot/bind/RelaxedPropertyResolver
	at org.springframework.boot.autoconfigure.AutoConfigurationImportSelector.getExcludeAutoConfigurationsProperty(AutoConfigurationImportSelector.java:215)
	at org.springframework.boot.autoconfigure.AutoConfigurationImportSelector.getExclusions(AutoConfigurationImportSelector.java:209)
	at org.springframework.boot.autoconfigure.AutoConfigurationImportSelector.selectImports(AutoConfigurationImportSelector.java:99)
	at org.springframework.context.annotation.ConfigurationClassParser$DefaultDeferredImportSelectorGroup.process(ConfigurationClassParser.java:889)
	at org.springframework.context.annotation.ConfigurationClassParser$DeferredImportSelectorGrouping.getImports(ConfigurationClassParser.java:875)
	at org.springframework.context.annotation.ConfigurationClassParser$DeferredImportSelectorGroupingHandler.processGroupImports(ConfigurationClassParser.java:801)
	at org.springframework.context.annotation.ConfigurationClassParser$DeferredImportSelectorHandler.process(ConfigurationClassParser.java:771)
	at org.springframework.context.annotation.ConfigurationClassParser.parse(ConfigurationClassParser.java:185)
	at org.springframework.context.annotation.ConfigurationClassPostProcessor.processConfigBeanDefinitions(ConfigurationClassPostProcessor.java:315)
	at org.springframework.context.annotation.ConfigurationClassPostProcessor.postProcessBeanDefinitionRegistry(ConfigurationClassPostProcessor.java:232)
	at org.springframework.context.support.PostProcessorRegistrationDelegate.invokeBeanDefinitionRegistryPostProcessors(PostProcessorRegistrationDelegate.java:275)
	at org.springframework.context.support.PostProcessorRegistrationDelegate.invokeBeanFactoryPostProcessors(PostProcessorRegistrationDelegate.java:95)
	at org.springframework.context.support.AbstractApplicationContext.invokeBeanFactoryPostProcessors(AbstractApplicationContext.java:705)
	at org.springframework.context.support.AbstractApplicationContext.refresh(AbstractApplicationContext.java:531)
	at org.springframework.boot.web.servlet.context.ServletWebServerApplicationContext.refresh(ServletWebServerApplicationContext.java:141)
	at org.springframework.boot.SpringApplication.refresh(SpringApplication.java:744)
	at org.springframework.boot.SpringApplication.refreshContext(SpringApplication.java:391)
	at org.springframework.boot.SpringApplication.run(SpringApplication.java:312)
	at org.springframework.boot.SpringApplication.run(SpringApplication.java:1215)
	at org.springframework.boot.SpringApplication.run(SpringApplication.java:1204)
	at cn.SSMApplication.main(SSMApplication.java:20)
	at sun.reflect.NativeMethodAccessorImpl.invoke0(Native Method)
	at sun.reflect.NativeMethodAccessorImpl.invoke(NativeMethodAccessorImpl.java:62)
	at sun.reflect.DelegatingMethodAccessorImpl.invoke(DelegatingMethodAccessorImpl.java:43)
	at java.lang.reflect.Method.invoke(Method.java:498)
	at org.springframework.boot.devtools.restart.RestartLauncher.run(RestartLauncher.java:49)
Caused by: java.lang.ClassNotFoundException: org.springframework.boot.bind.RelaxedPropertyResolver
	at java.net.URLClassLoader.findClass(URLClassLoader.java:381)
	at java.lang.ClassLoader.loadClass(ClassLoader.java:424)
	at sun.misc.Launcher$AppClassLoader.loadClass(Launcher.java:335)
	at java.lang.ClassLoader.loadClass(ClassLoader.java:357)
	... 26 common frames omitted
2021-02-08 16:54:22.137 [background-preinit] INFO  org.hibernate.validator.internal.util.Version -HV000001: Hibernate Validator 6.0.18.Final
2021-02-08 16:54:51.990 [restartedMain] INFO  cn.SSMApplication -Starting SSMApplication on DESKTOP-KFJAMQ7 with PID 9820 (E:\FrameWork\SpingBoot\SpringBoot02\target\classes started by Zhen77 in E:\FrameWork\SpingBoot\SpringBoot02)
2021-02-08 16:54:51.992 [restartedMain] INFO  cn.SSMApplication -No active profile set, falling back to default profiles: default
2021-02-08 16:54:52.035 [restartedMain] INFO  o.s.b.d.env.DevToolsPropertyDefaultsPostProcessor -Devtools property defaults active! Set 'spring.devtools.add-properties' to 'false' to disable
2021-02-08 16:54:52.035 [restartedMain] INFO  o.s.b.d.env.DevToolsPropertyDefaultsPostProcessor -For additional web related logging consider setting the 'logging.level.web' property to 'DEBUG'
2021-02-08 16:54:53.396 [restartedMain] INFO  o.s.boot.web.embedded.tomcat.TomcatWebServer -Tomcat initialized with port(s): 8080 (http)
2021-02-08 16:54:53.413 [restartedMain] INFO  org.apache.coyote.http11.Http11NioProtocol -Initializing ProtocolHandler ["http-nio-8080"]
2021-02-08 16:54:53.423 [restartedMain] INFO  org.apache.catalina.core.StandardService -Starting service [Tomcat]
2021-02-08 16:54:53.423 [restartedMain] INFO  org.apache.catalina.core.StandardEngine -Starting Servlet engine: [Apache Tomcat/9.0.27]
2021-02-08 16:54:53.432 [restartedMain] INFO  org.apache.catalina.core.AprLifecycleListener -An older version [1.2.21] of the APR based Apache Tomcat Native library is installed, while Tomcat recommends a minimum version of [1.2.23]
2021-02-08 16:54:53.432 [restartedMain] INFO  org.apache.catalina.core.AprLifecycleListener -Loaded APR based Apache Tomcat Native library [1.2.21] using APR version [1.6.5].
2021-02-08 16:54:53.432 [restartedMain] INFO  org.apache.catalina.core.AprLifecycleListener -APR capabilities: IPv6 [true], sendfile [true], accept filters [false], random [true].
2021-02-08 16:54:53.432 [restartedMain] INFO  org.apache.catalina.core.AprLifecycleListener -APR/OpenSSL configuration: useAprConnector [false], useOpenSSL [true]
2021-02-08 16:54:53.438 [restartedMain] INFO  org.apache.catalina.core.AprLifecycleListener -OpenSSL successfully initialized [OpenSSL 1.1.1a  20 Nov 2018]
2021-02-08 16:54:53.633 [restartedMain] INFO  o.a.c.core.ContainerBase.[Tomcat].[localhost].[/] -Initializing Spring embedded WebApplicationContext
2021-02-08 16:54:53.634 [restartedMain] INFO  org.springframework.web.context.ContextLoader -Root WebApplicationContext: initialization completed in 1598 ms
2021-02-08 16:54:53.770 [restartedMain] WARN  o.s.b.w.s.c.AnnotationConfigServletWebServerApplicationContext -Exception encountered during context initialization - cancelling refresh attempt: org.springframework.beans.factory.UnsatisfiedDependencyException: Error creating bean with name 'deptController': Unsatisfied dependency expressed through field 'deptService'; nested exception is org.springframework.beans.factory.UnsatisfiedDependencyException: Error creating bean with name 'deptServiceImpl': Unsatisfied dependency expressed through field 'deptMapper'; nested exception is org.springframework.beans.factory.UnsatisfiedDependencyException: Error creating bean with name 'deptMapper' defined in file [E:\FrameWork\SpingBoot\SpringBoot02\target\classes\cn\zhen77\mapper\DeptMapper.class]: Unsatisfied dependency expressed through bean property 'sqlSessionFactory'; nested exception is org.springframework.beans.factory.UnsatisfiedDependencyException: Error creating bean with name 'sqlSessionFactory' defined in class path resource [org/mybatis/spring/boot/autoconfigure/MybatisAutoConfiguration.class]: Unsatisfied dependency expressed through method 'sqlSessionFactory' parameter 0; nested exception is org.springframework.beans.factory.UnsatisfiedDependencyException: Error creating bean with name 'dataSource' defined in class path resource [org/springframework/boot/autoconfigure/jdbc/DataSourceConfiguration$Generic.class]: Unsatisfied dependency expressed through method 'dataSource' parameter 0; nested exception is org.springframework.boot.context.properties.ConfigurationPropertiesBindException: Error creating bean with name 'spring.datasource-org.springframework.boot.autoconfigure.jdbc.DataSourceProperties': Could not bind properties to 'DataSourceProperties' : prefix=spring.datasource, ignoreInvalidFields=false, ignoreUnknownFields=true; nested exception is org.springframework.boot.context.properties.bind.BindException: Failed to bind properties under 'spring.datasource.type' to java.lang.Class<javax.sql.DataSource>
2021-02-08 16:54:53.773 [restartedMain] INFO  org.apache.catalina.core.StandardService -Stopping service [Tomcat]
2021-02-08 16:54:53.790 [restartedMain] INFO  o.s.b.a.l.ConditionEvaluationReportLoggingListener -

Error starting ApplicationContext. To display the conditions report re-run your application with 'debug' enabled.
2021-02-08 16:54:53.795 [restartedMain] ERROR o.s.b.diagnostics.LoggingFailureAnalysisReporter -

***************************
APPLICATION FAILED TO START
***************************

Description:

Failed to bind properties under 'spring.datasource.type' to java.lang.Class<javax.sql.DataSource>:

    Property: spring.datasource.type
    Value: com.alibaba.druid.pool.DruidDataSource
    Origin: class path resource [application.yml]:12:11
    Reason: No converter found capable of converting from type [java.lang.String] to type [java.lang.Class<javax.sql.DataSource>]

Action:

Update your application's configuration

2021-02-08 16:56:36.589 [restartedMain] INFO  cn.SSMApplication -Starting SSMApplication on DESKTOP-KFJAMQ7 with PID 12400 (E:\FrameWork\SpingBoot\SpringBoot02\target\classes started by Zhen77 in E:\FrameWork\SpingBoot\SpringBoot02)
2021-02-08 16:56:36.593 [restartedMain] INFO  cn.SSMApplication -No active profile set, falling back to default profiles: default
2021-02-08 16:56:36.652 [restartedMain] INFO  o.s.b.d.env.DevToolsPropertyDefaultsPostProcessor -Devtools property defaults active! Set 'spring.devtools.add-properties' to 'false' to disable
2021-02-08 16:56:36.653 [restartedMain] INFO  o.s.b.d.env.DevToolsPropertyDefaultsPostProcessor -For additional web related logging consider setting the 'logging.level.web' property to 'DEBUG'
2021-02-08 16:56:38.238 [restartedMain] INFO  o.s.boot.web.embedded.tomcat.TomcatWebServer -Tomcat initialized with port(s): 8080 (http)
2021-02-08 16:56:38.252 [restartedMain] INFO  org.apache.coyote.http11.Http11NioProtocol -Initializing ProtocolHandler ["http-nio-8080"]
2021-02-08 16:56:38.262 [restartedMain] INFO  org.apache.catalina.core.StandardService -Starting service [Tomcat]
2021-02-08 16:56:38.262 [restartedMain] INFO  org.apache.catalina.core.StandardEngine -Starting Servlet engine: [Apache Tomcat/9.0.27]
2021-02-08 16:56:38.269 [restartedMain] INFO  org.apache.catalina.core.AprLifecycleListener -An older version [1.2.21] of the APR based Apache Tomcat Native library is installed, while Tomcat recommends a minimum version of [1.2.23]
2021-02-08 16:56:38.270 [restartedMain] INFO  org.apache.catalina.core.AprLifecycleListener -Loaded APR based Apache Tomcat Native library [1.2.21] using APR version [1.6.5].
2021-02-08 16:56:38.270 [restartedMain] INFO  org.apache.catalina.core.AprLifecycleListener -APR capabilities: IPv6 [true], sendfile [true], accept filters [false], random [true].
2021-02-08 16:56:38.270 [restartedMain] INFO  org.apache.catalina.core.AprLifecycleListener -APR/OpenSSL configuration: useAprConnector [false], useOpenSSL [true]
2021-02-08 16:56:38.274 [restartedMain] INFO  org.apache.catalina.core.AprLifecycleListener -OpenSSL successfully initialized [OpenSSL 1.1.1a  20 Nov 2018]
2021-02-08 16:56:38.464 [restartedMain] INFO  o.a.c.core.ContainerBase.[Tomcat].[localhost].[/] -Initializing Spring embedded WebApplicationContext
2021-02-08 16:56:38.464 [restartedMain] INFO  org.springframework.web.context.ContextLoader -Root WebApplicationContext: initialization completed in 1811 ms
2021-02-08 16:56:38.981 [restartedMain] INFO  o.s.scheduling.concurrent.ThreadPoolTaskExecutor -Initializing ExecutorService 'applicationTaskExecutor'
2021-02-08 16:56:39.233 [restartedMain] INFO  o.s.b.d.autoconfigure.OptionalLiveReloadServer -LiveReload server is running on port 35729
2021-02-08 16:56:39.264 [restartedMain] INFO  org.apache.coyote.http11.Http11NioProtocol -Starting ProtocolHandler ["http-nio-8080"]
2021-02-08 16:56:39.287 [restartedMain] INFO  o.s.boot.web.embedded.tomcat.TomcatWebServer -Tomcat started on port(s): 8080 (http) with context path ''
2021-02-08 16:56:39.291 [restartedMain] INFO  cn.SSMApplication -Started SSMApplication in 3.177 seconds (JVM running for 5.039)
2021-02-08 16:59:45.825 [http-nio-8080-exec-1] INFO  o.a.c.core.ContainerBase.[Tomcat].[localhost].[/] -Initializing Spring DispatcherServlet 'dispatcherServlet'
2021-02-08 16:59:45.826 [http-nio-8080-exec-1] INFO  org.springframework.web.servlet.DispatcherServlet -Initializing Servlet 'dispatcherServlet'
2021-02-08 16:59:45.838 [http-nio-8080-exec-1] INFO  org.springframework.web.servlet.DispatcherServlet -Completed initialization in 12 ms
2021-02-08 16:59:45.893 [http-nio-8080-exec-1] INFO  com.zaxxer.hikari.HikariDataSource -HikariPool-1 - Starting...
2021-02-08 16:59:46.764 [http-nio-8080-exec-1] INFO  com.zaxxer.hikari.HikariDataSource -HikariPool-1 - Start completed.
2021-02-08 16:59:46.772 [http-nio-8080-exec-1] DEBUG cn.zhen77.mapper.DeptMapper.selectAll -==>  Preparing: select * from dept 
2021-02-08 16:59:46.793 [http-nio-8080-exec-1] DEBUG cn.zhen77.mapper.DeptMapper.selectAll -==> Parameters: 
2021-02-08 16:59:46.820 [http-nio-8080-exec-1] DEBUG cn.zhen77.mapper.DeptMapper.selectAll -<==      Total: 5
2021-02-08 17:00:45.100 [http-nio-8080-exec-4] DEBUG cn.zhen77.mapper.DeptMapper.selectAll -==>  Preparing: select * from dept 
2021-02-08 17:00:45.101 [http-nio-8080-exec-4] DEBUG cn.zhen77.mapper.DeptMapper.selectAll -==> Parameters: 
2021-02-08 17:00:45.103 [http-nio-8080-exec-4] DEBUG cn.zhen77.mapper.DeptMapper.selectAll -<==      Total: 5
2021-02-08 17:01:12.874 [http-nio-8080-exec-10] DEBUG cn.zhen77.mapper.DeptMapper.selectAll -==>  Preparing: select * from dept 
2021-02-08 17:01:12.875 [http-nio-8080-exec-10] DEBUG cn.zhen77.mapper.DeptMapper.selectAll -==> Parameters: 
2021-02-08 17:01:12.877 [http-nio-8080-exec-10] DEBUG cn.zhen77.mapper.DeptMapper.selectAll -<==      Total: 5
2021-02-08 17:01:14.744 [http-nio-8080-exec-4] DEBUG cn.zhen77.mapper.DeptMapper.selectAll -==>  Preparing: select * from dept 
2021-02-08 17:01:14.745 [http-nio-8080-exec-4] DEBUG cn.zhen77.mapper.DeptMapper.selectAll -==> Parameters: 
2021-02-08 17:01:14.751 [http-nio-8080-exec-4] DEBUG cn.zhen77.mapper.DeptMapper.selectAll -<==      Total: 5
2021-02-08 17:01:15.506 [http-nio-8080-exec-6] DEBUG cn.zhen77.mapper.DeptMapper.selectAll -==>  Preparing: select * from dept 
2021-02-08 17:01:15.507 [http-nio-8080-exec-6] DEBUG cn.zhen77.mapper.DeptMapper.selectAll -==> Parameters: 
2021-02-08 17:01:15.510 [http-nio-8080-exec-6] DEBUG cn.zhen77.mapper.DeptMapper.selectAll -<==      Total: 5
2021-02-08 17:01:57.010 [http-nio-8080-exec-4] DEBUG cn.zhen77.mapper.DeptMapper.selectAll -==>  Preparing: select * from dept 
2021-02-08 17:01:57.011 [http-nio-8080-exec-4] DEBUG cn.zhen77.mapper.DeptMapper.selectAll -==> Parameters: 
2021-02-08 17:01:57.013 [http-nio-8080-exec-4] DEBUG cn.zhen77.mapper.DeptMapper.selectAll -<==      Total: 5
2021-02-08 17:02:24.829 [http-nio-8080-exec-9] DEBUG cn.zhen77.mapper.DeptMapper.selectAll -==>  Preparing: select * from dept 
2021-02-08 17:02:24.829 [http-nio-8080-exec-9] DEBUG cn.zhen77.mapper.DeptMapper.selectAll -==> Parameters: 
2021-02-08 17:02:24.831 [http-nio-8080-exec-9] DEBUG cn.zhen77.mapper.DeptMapper.selectAll -<==      Total: 5
