2021-02-07 14:41:54.549 [main] INFO  cn.SSMApplication -Starting SSMApplication on DESKTOP-KFJAMQ7 with PID 9148 (E:\FrameWork\SpingBoot\SpringBoot02\target\classes started by Zhen77 in E:\FrameWork\SpingBoot\SpringBoot02)
2021-02-07 14:41:54.552 [main] INFO  cn.SSMApplication -No active profile set, falling back to default profiles: default
2021-02-07 14:41:54.627 [main] INFO  o.s.b.w.s.c.AnnotationConfigServletWebServerApplicationContext -Refreshing org.springframework.boot.web.servlet.context.AnnotationConfigServletWebServerApplicationContext@1b2c4efb: startup date [Sun Feb 07 14:41:54 CST 2021]; root of context hierarchy
2021-02-07 14:41:55.849 [main] INFO  cn.SSMApplication -Starting SSMApplication on DESKTOP-KFJAMQ7 with PID 5716 (E:\FrameWork\SpingBoot\SpringBoot02\target\classes started by Zhen77 in E:\FrameWork\SpingBoot\SpringBoot02)
2021-02-07 14:41:55.851 [main] INFO  cn.SSMApplication -No active profile set, falling back to default profiles: default
2021-02-07 14:41:55.899 [main] INFO  o.s.b.w.s.c.AnnotationConfigServletWebServerApplicationContext -Refreshing org.springframework.boot.web.servlet.context.AnnotationConfigServletWebServerApplicationContext@dd05255: startup date [Sun Feb 07 14:41:55 CST 2021]; root of context hierarchy
2021-02-07 14:41:56.921 [main] INFO  o.s.boot.web.embedded.tomcat.TomcatWebServer -Tomcat initialized with port(s): 8080 (http)
2021-02-07 14:41:56.943 [main] INFO  org.apache.coyote.http11.Http11NioProtocol -Initializing ProtocolHandler ["http-nio-8080"]
2021-02-07 14:41:56.960 [main] INFO  org.apache.catalina.core.StandardService -Starting service [Tomcat]
2021-02-07 14:41:56.960 [main] INFO  org.apache.catalina.core.StandardEngine -Starting Servlet Engine: Apache Tomcat/8.5.31
2021-02-07 14:41:56.968 [localhost-startStop-1] INFO  org.apache.catalina.core.AprLifecycleListener -Loaded APR based Apache Tomcat Native library [1.2.21] using APR version [1.6.5].
2021-02-07 14:41:56.969 [localhost-startStop-1] INFO  org.apache.catalina.core.AprLifecycleListener -APR capabilities: IPv6 [true], sendfile [true], accept filters [false], random [true].
2021-02-07 14:41:56.969 [localhost-startStop-1] INFO  org.apache.catalina.core.AprLifecycleListener -APR/OpenSSL configuration: useAprConnector [false], useOpenSSL [true]
2021-02-07 14:41:57.045 [localhost-startStop-1] INFO  org.apache.catalina.core.AprLifecycleListener -OpenSSL successfully initialized [OpenSSL 1.1.1a  20 Nov 2018]
2021-02-07 14:41:57.236 [localhost-startStop-1] INFO  o.a.c.core.ContainerBase.[Tomcat].[localhost].[/] -Initializing Spring embedded WebApplicationContext
2021-02-07 14:41:57.236 [localhost-startStop-1] INFO  org.springframework.web.context.ContextLoader -Root WebApplicationContext: initialization completed in 2609 ms
2021-02-07 14:41:57.320 [main] INFO  o.s.boot.web.embedded.tomcat.TomcatWebServer -Tomcat initialized with port(s): 8080 (http)
2021-02-07 14:41:57.335 [main] INFO  org.apache.coyote.http11.Http11NioProtocol -Initializing ProtocolHandler ["http-nio-8080"]
2021-02-07 14:41:57.345 [main] INFO  org.apache.catalina.core.StandardService -Starting service [Tomcat]
2021-02-07 14:41:57.346 [main] INFO  org.apache.catalina.core.StandardEngine -Starting Servlet Engine: Apache Tomcat/8.5.31
2021-02-07 14:41:57.350 [localhost-startStop-1] INFO  org.apache.catalina.core.AprLifecycleListener -Loaded APR based Apache Tomcat Native library [1.2.21] using APR version [1.6.5].
2021-02-07 14:41:57.351 [localhost-startStop-1] INFO  org.apache.catalina.core.AprLifecycleListener -APR capabilities: IPv6 [true], sendfile [true], accept filters [false], random [true].
2021-02-07 14:41:57.351 [localhost-startStop-1] INFO  org.apache.catalina.core.AprLifecycleListener -APR/OpenSSL configuration: useAprConnector [false], useOpenSSL [true]
2021-02-07 14:41:57.356 [localhost-startStop-1] INFO  org.apache.catalina.core.AprLifecycleListener -OpenSSL successfully initialized [OpenSSL 1.1.1a  20 Nov 2018]
2021-02-07 14:41:57.535 [localhost-startStop-1] INFO  o.a.c.core.ContainerBase.[Tomcat].[localhost].[/] -Initializing Spring embedded WebApplicationContext
2021-02-07 14:41:57.536 [localhost-startStop-1] INFO  org.springframework.web.context.ContextLoader -Root WebApplicationContext: initialization completed in 1637 ms
2021-02-07 14:41:57.537 [localhost-startStop-1] INFO  o.s.boot.web.servlet.ServletRegistrationBean -Servlet dispatcherServlet mapped to [/]
2021-02-07 14:41:57.540 [localhost-startStop-1] INFO  o.s.boot.web.servlet.ServletRegistrationBean -Servlet statViewServlet mapped to [/druid/*]
2021-02-07 14:41:57.546 [localhost-startStop-1] INFO  o.s.boot.web.servlet.FilterRegistrationBean -Mapping filter: 'characterEncodingFilter' to: [/*]
2021-02-07 14:41:57.546 [localhost-startStop-1] INFO  o.s.boot.web.servlet.FilterRegistrationBean -Mapping filter: 'hiddenHttpMethodFilter' to: [/*]
2021-02-07 14:41:57.547 [localhost-startStop-1] INFO  o.s.boot.web.servlet.FilterRegistrationBean -Mapping filter: 'httpPutFormContentFilter' to: [/*]
2021-02-07 14:41:57.547 [localhost-startStop-1] INFO  o.s.boot.web.servlet.FilterRegistrationBean -Mapping filter: 'requestContextFilter' to: [/*]
2021-02-07 14:41:57.548 [localhost-startStop-1] INFO  o.s.boot.web.servlet.FilterRegistrationBean -Mapping filter: 'webStatFilter' to urls: [/*]
2021-02-07 14:41:57.705 [main] INFO  c.a.d.s.b.a.DruidDataSourceAutoConfigure -Init DruidDataSource
2021-02-07 14:41:57.834 [localhost-startStop-1] INFO  o.s.boot.web.servlet.ServletRegistrationBean -Servlet dispatcherServlet mapped to [/]
2021-02-07 14:41:57.836 [localhost-startStop-1] INFO  o.s.boot.web.servlet.ServletRegistrationBean -Servlet statViewServlet mapped to [/druid/*]
2021-02-07 14:41:57.839 [localhost-startStop-1] INFO  o.s.boot.web.servlet.FilterRegistrationBean -Mapping filter: 'characterEncodingFilter' to: [/*]
2021-02-07 14:41:57.839 [localhost-startStop-1] INFO  o.s.boot.web.servlet.FilterRegistrationBean -Mapping filter: 'hiddenHttpMethodFilter' to: [/*]
2021-02-07 14:41:57.839 [localhost-startStop-1] INFO  o.s.boot.web.servlet.FilterRegistrationBean -Mapping filter: 'httpPutFormContentFilter' to: [/*]
2021-02-07 14:41:57.840 [localhost-startStop-1] INFO  o.s.boot.web.servlet.FilterRegistrationBean -Mapping filter: 'requestContextFilter' to: [/*]
2021-02-07 14:41:57.840 [localhost-startStop-1] INFO  o.s.boot.web.servlet.FilterRegistrationBean -Mapping filter: 'webStatFilter' to urls: [/*]
2021-02-07 14:41:57.945 [main] INFO  c.a.d.s.b.a.DruidDataSourceAutoConfigure -Init DruidDataSource
2021-02-07 14:41:59.150 [main] INFO  com.alibaba.druid.pool.DruidDataSource -{dataSource-1} inited
2021-02-07 14:41:59.200 [main] INFO  com.alibaba.druid.pool.DruidDataSource -{dataSource-1} inited
2021-02-07 14:41:59.472 [main] INFO  o.s.web.servlet.handler.SimpleUrlHandlerMapping -Mapped URL path [/**/favicon.ico] onto handler of type [class org.springframework.web.servlet.resource.ResourceHttpRequestHandler]
2021-02-07 14:41:59.502 [main] INFO  o.s.web.servlet.handler.SimpleUrlHandlerMapping -Mapped URL path [/**/favicon.ico] onto handler of type [class org.springframework.web.servlet.resource.ResourceHttpRequestHandler]
2021-02-07 14:41:59.718 [main] INFO  o.s.w.s.m.m.a.RequestMappingHandlerAdapter -Looking for @ControllerAdvice: org.springframework.boot.web.servlet.context.AnnotationConfigServletWebServerApplicationContext@dd05255: startup date [Sun Feb 07 14:41:55 CST 2021]; root of context hierarchy
2021-02-07 14:41:59.801 [main] INFO  o.s.w.s.m.m.a.RequestMappingHandlerMapping -Mapped "{[/getall]}" onto public java.util.List<cn.zhen77.pojo.Dept> cn.zhen77.controller.DeptController.getall()
2021-02-07 14:41:59.807 [main] INFO  o.s.w.s.m.m.a.RequestMappingHandlerMapping -Mapped "{[/error]}" onto public org.springframework.http.ResponseEntity<java.util.Map<java.lang.String, java.lang.Object>> org.springframework.boot.autoconfigure.web.servlet.error.BasicErrorController.error(javax.servlet.http.HttpServletRequest)
2021-02-07 14:41:59.809 [main] INFO  o.s.w.s.m.m.a.RequestMappingHandlerMapping -Mapped "{[/error],produces=[text/html]}" onto public org.springframework.web.servlet.ModelAndView org.springframework.boot.autoconfigure.web.servlet.error.BasicErrorController.errorHtml(javax.servlet.http.HttpServletRequest,javax.servlet.http.HttpServletResponse)
2021-02-07 14:41:59.841 [main] INFO  o.s.web.servlet.handler.SimpleUrlHandlerMapping -Mapped URL path [/webjars/**] onto handler of type [class org.springframework.web.servlet.resource.ResourceHttpRequestHandler]
2021-02-07 14:41:59.842 [main] INFO  o.s.web.servlet.handler.SimpleUrlHandlerMapping -Mapped URL path [/**] onto handler of type [class org.springframework.web.servlet.resource.ResourceHttpRequestHandler]
2021-02-07 14:41:59.849 [main] INFO  o.s.w.s.m.m.a.RequestMappingHandlerAdapter -Looking for @ControllerAdvice: org.springframework.boot.web.servlet.context.AnnotationConfigServletWebServerApplicationContext@1b2c4efb: startup date [Sun Feb 07 14:41:54 CST 2021]; root of context hierarchy
2021-02-07 14:41:59.941 [main] INFO  o.s.w.s.m.m.a.RequestMappingHandlerMapping -Mapped "{[/getall]}" onto public java.util.List<cn.zhen77.pojo.Dept> cn.zhen77.controller.DeptController.getall()
2021-02-07 14:41:59.952 [main] INFO  o.s.w.s.m.m.a.RequestMappingHandlerMapping -Mapped "{[/error]}" onto public org.springframework.http.ResponseEntity<java.util.Map<java.lang.String, java.lang.Object>> org.springframework.boot.autoconfigure.web.servlet.error.BasicErrorController.error(javax.servlet.http.HttpServletRequest)
2021-02-07 14:41:59.954 [main] INFO  o.s.w.s.m.m.a.RequestMappingHandlerMapping -Mapped "{[/error],produces=[text/html]}" onto public org.springframework.web.servlet.ModelAndView org.springframework.boot.autoconfigure.web.servlet.error.BasicErrorController.errorHtml(javax.servlet.http.HttpServletRequest,javax.servlet.http.HttpServletResponse)
2021-02-07 14:42:00.036 [main] INFO  o.s.web.servlet.handler.SimpleUrlHandlerMapping -Mapped URL path [/webjars/**] onto handler of type [class org.springframework.web.servlet.resource.ResourceHttpRequestHandler]
2021-02-07 14:42:00.038 [main] INFO  o.s.web.servlet.handler.SimpleUrlHandlerMapping -Mapped URL path [/**] onto handler of type [class org.springframework.web.servlet.resource.ResourceHttpRequestHandler]
2021-02-07 14:42:00.251 [main] INFO  o.s.jmx.export.annotation.AnnotationMBeanExporter -Registering beans for JMX exposure on startup
2021-02-07 14:42:00.253 [main] INFO  o.s.jmx.export.annotation.AnnotationMBeanExporter -Bean with name 'statFilter' has been autodetected for JMX exposure
2021-02-07 14:42:00.254 [main] INFO  o.s.jmx.export.annotation.AnnotationMBeanExporter -Bean with name 'dataSource' has been autodetected for JMX exposure
2021-02-07 14:42:00.261 [main] INFO  o.s.jmx.export.annotation.AnnotationMBeanExporter -Located MBean 'dataSource': registering with JMX server as MBean [com.alibaba.druid.spring.boot.autoconfigure:name=dataSource,type=DruidDataSourceWrapper]
2021-02-07 14:42:00.264 [main] INFO  o.s.jmx.export.annotation.AnnotationMBeanExporter -Located MBean 'statFilter': registering with JMX server as MBean [com.alibaba.druid.filter.stat:name=statFilter,type=StatFilter]
2021-02-07 14:42:00.278 [main] INFO  org.apache.coyote.http11.Http11NioProtocol -Starting ProtocolHandler ["http-nio-8080"]
2021-02-07 14:42:00.287 [main] INFO  org.apache.tomcat.util.net.NioSelectorPool -Using a shared selector for servlet write/read
2021-02-07 14:42:00.314 [main] INFO  o.s.boot.web.embedded.tomcat.TomcatWebServer -Tomcat started on port(s): 8080 (http) with context path ''
2021-02-07 14:42:00.319 [main] INFO  cn.SSMApplication -Started SSMApplication in 4.994 seconds (JVM running for 6.722)
2021-02-07 14:42:00.529 [main] INFO  o.s.jmx.export.annotation.AnnotationMBeanExporter -Registering beans for JMX exposure on startup
2021-02-07 14:42:00.533 [main] INFO  o.s.jmx.export.annotation.AnnotationMBeanExporter -Bean with name 'statFilter' has been autodetected for JMX exposure
2021-02-07 14:42:00.534 [main] INFO  o.s.jmx.export.annotation.AnnotationMBeanExporter -Bean with name 'dataSource' has been autodetected for JMX exposure
2021-02-07 14:42:00.548 [main] INFO  o.s.jmx.export.annotation.AnnotationMBeanExporter -Located MBean 'dataSource': registering with JMX server as MBean [com.alibaba.druid.spring.boot.autoconfigure:name=dataSource,type=DruidDataSourceWrapper]
2021-02-07 14:42:00.551 [main] INFO  o.s.jmx.export.annotation.AnnotationMBeanExporter -Located MBean 'statFilter': registering with JMX server as MBean [com.alibaba.druid.filter.stat:name=statFilter,type=StatFilter]
2021-02-07 14:42:00.579 [main] INFO  org.apache.coyote.http11.Http11NioProtocol -Starting ProtocolHandler ["http-nio-8080"]
2021-02-07 14:42:00.591 [main] ERROR org.apache.catalina.core.StandardService -Failed to start connector [Connector[HTTP/1.1-8080]]
org.apache.catalina.LifecycleException: Failed to start component [Connector[HTTP/1.1-8080]]
	at org.apache.catalina.util.LifecycleBase.start(LifecycleBase.java:167)
	at org.apache.catalina.core.StandardService.addConnector(StandardService.java:225)
	at org.springframework.boot.web.embedded.tomcat.TomcatWebServer.addPreviouslyRemovedConnectors(TomcatWebServer.java:256)
	at org.springframework.boot.web.embedded.tomcat.TomcatWebServer.start(TomcatWebServer.java:198)
	at org.springframework.boot.web.servlet.context.ServletWebServerApplicationContext.startWebServer(ServletWebServerApplicationContext.java:300)
	at org.springframework.boot.web.servlet.context.ServletWebServerApplicationContext.finishRefresh(ServletWebServerApplicationContext.java:162)
	at org.springframework.context.support.AbstractApplicationContext.refresh(AbstractApplicationContext.java:553)
	at org.springframework.boot.web.servlet.context.ServletWebServerApplicationContext.refresh(ServletWebServerApplicationContext.java:140)
	at org.springframework.boot.SpringApplication.refresh(SpringApplication.java:759)
	at org.springframework.boot.SpringApplication.refreshContext(SpringApplication.java:395)
	at org.springframework.boot.SpringApplication.run(SpringApplication.java:327)
	at org.springframework.boot.SpringApplication.run(SpringApplication.java:1255)
	at org.springframework.boot.SpringApplication.run(SpringApplication.java:1243)
	at cn.SSMApplication.main(SSMApplication.java:20)
Caused by: org.apache.catalina.LifecycleException: Protocol handler start failed
	at org.apache.catalina.connector.Connector.startInternal(Connector.java:1020)
	at org.apache.catalina.util.LifecycleBase.start(LifecycleBase.java:150)
	... 13 common frames omitted
Caused by: java.net.BindException: Address already in use: bind
	at sun.nio.ch.Net.bind0(Native Method)
	at sun.nio.ch.Net.bind(Net.java:433)
	at sun.nio.ch.Net.bind(Net.java:425)
	at sun.nio.ch.ServerSocketChannelImpl.bind(ServerSocketChannelImpl.java:223)
	at sun.nio.ch.ServerSocketAdaptor.bind(ServerSocketAdaptor.java:74)
	at org.apache.tomcat.util.net.NioEndpoint.bind(NioEndpoint.java:210)
	at org.apache.tomcat.util.net.AbstractEndpoint.start(AbstractEndpoint.java:1150)
	at org.apache.coyote.AbstractProtocol.start(AbstractProtocol.java:591)
	at org.apache.catalina.connector.Connector.startInternal(Connector.java:1018)
	... 14 common frames omitted
2021-02-07 14:42:00.602 [main] INFO  org.apache.coyote.http11.Http11NioProtocol -Pausing ProtocolHandler ["http-nio-8080"]
2021-02-07 14:42:00.603 [main] INFO  org.apache.catalina.core.StandardService -Stopping service [Tomcat]
2021-02-07 14:42:00.616 [main] INFO  org.apache.catalina.util.LifecycleBase -The stop() method was called on component [StandardServer[-1]] after stop() had already been called. The second call will be ignored.
2021-02-07 14:42:00.617 [main] INFO  org.apache.coyote.http11.Http11NioProtocol -Stopping ProtocolHandler ["http-nio-8080"]
2021-02-07 14:42:00.618 [main] INFO  org.apache.coyote.http11.Http11NioProtocol -Destroying ProtocolHandler ["http-nio-8080"]
2021-02-07 14:42:00.622 [main] INFO  o.s.b.a.l.ConditionEvaluationReportLoggingListener -

Error starting ApplicationContext. To display the conditions report re-run your application with 'debug' enabled.
2021-02-07 14:42:00.631 [main] ERROR o.s.b.diagnostics.LoggingFailureAnalysisReporter -

***************************
APPLICATION FAILED TO START
***************************

Description:

The Tomcat connector configured to listen on port 8080 failed to start. The port may already be in use or the connector may be misconfigured.

Action:

Verify the connector's configuration, identify and stop any process that's listening on port 8080, or configure this application to listen on another port.

2021-02-07 14:42:00.633 [main] INFO  o.s.b.w.s.c.AnnotationConfigServletWebServerApplicationContext -Closing org.springframework.boot.web.servlet.context.AnnotationConfigServletWebServerApplicationContext@1b2c4efb: startup date [Sun Feb 07 14:41:54 CST 2021]; root of context hierarchy
2021-02-07 14:42:00.636 [main] INFO  o.s.jmx.export.annotation.AnnotationMBeanExporter -Unregistering JMX-exposed beans on shutdown
2021-02-07 14:42:00.637 [main] INFO  o.s.jmx.export.annotation.AnnotationMBeanExporter -Unregistering JMX-exposed beans
2021-02-07 14:42:00.645 [main] INFO  com.alibaba.druid.pool.DruidDataSource -{dataSource-1} closed
2021-02-07 14:42:20.076 [http-nio-8080-exec-1] INFO  o.a.c.core.ContainerBase.[Tomcat].[localhost].[/] -Initializing Spring FrameworkServlet 'dispatcherServlet'
2021-02-07 14:42:20.076 [http-nio-8080-exec-1] INFO  org.springframework.web.servlet.DispatcherServlet -FrameworkServlet 'dispatcherServlet': initialization started
2021-02-07 14:42:20.099 [http-nio-8080-exec-1] INFO  org.springframework.web.servlet.DispatcherServlet -FrameworkServlet 'dispatcherServlet': initialization completed in 23 ms
2021-02-07 14:42:20.149 [http-nio-8080-exec-1] DEBUG cn.zhen77.mapper.DeptMapper.selectAll -==>  Preparing: select * from dept 
2021-02-07 14:42:20.174 [http-nio-8080-exec-1] DEBUG cn.zhen77.mapper.DeptMapper.selectAll -==> Parameters: 
2021-02-07 14:42:20.211 [http-nio-8080-exec-1] DEBUG cn.zhen77.mapper.DeptMapper.selectAll -<==      Total: 5
